WDAY============== Filtered CALLS for $304.89==================
         Contract Name  Strike  Last Price    Bid    Ask  Volume
0  WDAY240209C00292500   292.5       12.38  11.35  14.20       4
1  WDAY240209C00295000   295.0       10.70   9.00  11.40      48
2  WDAY240209C00297500   297.5        9.00   6.50   9.20      59
3  WDAY240209C00300000   300.0        5.00   3.20   5.85     550
4  WDAY240209C00302500   302.5        2.10   1.30   3.50     173
5  WDAY240209C00305000   305.0        0.15   0.02   0.23    1011
6  WDAY240209C00307500   307.5        0.12   0.00   0.05     147
7  WDAY240209C00310000   310.0        0.02   0.00   0.05     165
8  WDAY240209C00315000   315.0        0.03   0.00   0.01       8
9  WDAY240209C00320000   320.0        0.02   0.00   0.05       2
WDAY============== Filtered PUTS for $304.89===================
         Contract Name  Strike  Last Price   Bid    Ask  Volume
0  WDAY240209P00290000   290.0        0.03   0.0   0.05      22
1  WDAY240209P00292500   292.5        0.03   0.0   0.05      20
2  WDAY240209P00295000   295.0        0.03   0.0   0.01      43
3  WDAY240209P00297500   297.5        0.04   0.0   0.05      37
4  WDAY240209P00300000   300.0        0.05   0.0   0.02      45
5  WDAY240209P00320000   320.0       29.50  13.5  15.90       2
BUD============== Filtered CALLS for $64.51==================
        Contract Name  Strike  Last Price   Bid   Ask Volume
0  BUD240209C00060000    60.0        4.73  2.55  6.50      3
1  BUD240209C00061000    61.0        4.75  1.55  5.30      2
2  BUD240209C00062000    62.0        2.48  2.15  4.40      7
3  BUD240209C00063000    63.0        1.54  1.10  2.40     10
4  BUD240209C00064000    64.0        0.64  0.05  2.55      6
5  BUD240209C00065000    65.0        0.09  0.00  0.05     17
6  BUD240209C00066000    66.0        0.10  0.00  0.05     10
7  BUD240209C00067000    67.0        0.04  0.00  0.05     23
8  BUD240209C00068000    68.0        0.10  0.00  0.30      5
9  BUD240209C00069000    69.0        0.03  0.00  0.05    113
BUD============== Filtered PUTS for $64.51===================
        Contract Name  Strike  Last Price  Bid   Ask  Volume
0  BUD240209P00060000    60.0        0.05  0.0  0.05       5
1  BUD240209P00061000    61.0        0.05  0.0  0.15       1
2  BUD240209P00062000    62.0        0.02  0.0  0.75       6
3  BUD240209P00063000    63.0        0.06  0.0  0.05      60
4  BUD240209P00064000    64.0        0.05  0.0  0.05       1
5  BUD240209P00065000    65.0        0.41  0.3  1.50     121
GOLD============== Filtered CALLS for $14.67==================
         Contract Name  Strike  Last Price   Bid   Ask Volume
0  GOLD240209C00012000    12.0        2.86  2.61  2.86      5
1  GOLD240209C00013000    13.0        2.01  1.45  2.26      4
2  GOLD240209C00013500    13.5        1.45  1.12  2.15      1
3  GOLD240209C00014000    14.0        0.69  0.62  1.85      7
4  GOLD240209C00014500    14.5        0.17  0.04  0.18    141
5  GOLD240209C00015000    15.0        0.01  0.00  0.01    261
6  GOLD240209C00015500    15.5        0.01  0.00  0.01      7
7  GOLD240209C00016000    16.0        0.01  0.00  0.01     28
8  GOLD240209C00016500    16.5        0.01  0.00  0.01      3
9  GOLD240209C00017000    17.0        0.01  0.00  0.02     31
GOLD============== Filtered PUTS for $14.67===================
         Contract Name  Strike  Last Price   Bid   Ask Volume
0  GOLD240209P00013500    13.5        0.03  0.00  0.02    256
1  GOLD240209P00014000    14.0        0.02  0.00  0.01      1
2  GOLD240209P00014500    14.5        0.02  0.00  0.01    188
3  GOLD240209P00015000    15.0        0.35  0.33  0.45    559
4  GOLD240209P00015500    15.5        0.84  0.76  0.99    244
5  GOLD240209P00016000    16.0        1.61  1.19  1.57    445
6  GOLD240209P00016500    16.5        1.81  1.82  2.26     28
7  GOLD240209P00017000    17.0        2.32  2.12  2.37      5
WPM============== Filtered CALLS for $45.49==================
        Contract Name  Strike  Last Price   Bid   Ask Volume
0  WPM240209C00042000    42.0        4.20  3.40  3.60      2
1  WPM240209C00045000    45.0        3.40  0.35  0.55     12
2  WPM240209C00046000    46.0        0.03  0.00  0.05     25
3  WPM240209C00047000    47.0        0.03  0.00  0.10      2
4  WPM240209C00048000    48.0        0.03  0.00  0.05      2
5  WPM240209C00049000    49.0        0.04  0.00  0.00      3
6  WPM240209C00050000    50.0        0.04  0.00  0.05      5
WPM============== Filtered PUTS for $45.49===================
        Contract Name  Strike  Last Price   Bid   Ask Volume
0  WPM240209P00042000    42.0        0.10  0.00  0.10      1
1  WPM240209P00043000    43.0        0.05  0.00  0.10      1
2  WPM240209P00044000    44.0        0.03  0.00  0.40      1
3  WPM240209P00045000    45.0        0.05  0.00  0.05     25
4  WPM240209P00046000    46.0        0.44  0.45  0.60     42
5  WPM240209P00047000    47.0        1.50  1.45  1.60     28
6  WPM240209P00048000    48.0        2.70  2.40  2.65      7
7  WPM240209P00049000    49.0        1.75  3.40  3.60      4
8  WPM240209P00050000    50.0        3.00  2.65  4.10      1
GSK============== Filtered CALLS for $41.91==================
        Contract Name  Strike  Last Price   Bid   Ask  Volume
0  GSK240209C00038500    38.5        1.65  2.75  5.40       4
1  GSK240209C00039000    39.0        2.86  2.35  3.90       4
2  GSK240209C00039500    39.5        1.99  1.70  4.40       5
3  GSK240209C00040000    40.0        1.93  1.15  3.90      18
4  GSK240209C00041000    41.0        0.93  0.45  1.85      39
5  GSK240209C00042000    42.0        0.05  0.00  0.05      15
6  GSK240209C00043000    43.0        0.07  0.00  0.05       1
7  GSK240209C00044000    44.0        0.09  0.00  0.05       1
GSK============== Filtered PUTS for $41.91===================
        Contract Name  Strike  Last Price  Bid   Ask Volume
0  GSK240209P00038000    38.0        0.02  0.0  1.65      3
1  GSK240209P00039000    39.0        0.10  0.0  1.25      1
2  GSK240209P00039500    39.5        0.35  0.0  0.35      5
3  GSK240209P00040000    40.0        0.07  0.0  0.75     66
4  GSK240209P00041000    41.0        0.05  0.0  0.05      1
5  GSK240209P00042000    42.0        0.08  0.0  0.25     11
