WDAY============== Filtered CALLS for $305.95==================
         Contract Name  Strike  Last Price    Bid    Ask Volume
0  WDAY240216C00292500   292.5        9.30  11.40  14.15      2
1  WDAY240216C00295000   295.0       10.45   8.90  11.70      6
2  WDAY240216C00297500   297.5        5.50   6.55   9.00      1
3  WDAY240216C00300000   300.0        4.30   4.75   6.30     27
4  WDAY240216C00305000   305.0        1.47   1.40   1.64     92
5  WDAY240216C00310000   310.0        0.18   0.11   0.22     36
6  WDAY240216C00315000   315.0        0.03   0.00   0.07      5
7  WDAY240216C00320000   320.0        0.04   0.02   0.06     10
8  WDAY240216C00325000   325.0        0.05   0.00   0.05      7
9  WDAY240216C00330000   330.0        0.03   0.00   0.05      2
WDAY============== Filtered PUTS for $305.95===================
         Contract Name  Strike  Last Price     Bid     Ask Volume
0  WDAY240216P00292500   292.5        0.03    0.00    0.07      3
1  WDAY240216P00295000   295.0        0.07    0.00    0.07      5
2  WDAY240216P00297500   297.5        0.05    0.03    0.08      2
3  WDAY240216P00300000   300.0        0.06    0.06    0.14      8
4  WDAY240216P00305000   305.0        1.10    0.99    1.18     75
5  WDAY240216P00310000   310.0        6.77    4.30    5.15     12
6  WDAY240216P00315000   315.0        9.40    8.35   11.30     14
7  WDAY240216P00320000   320.0       16.15   13.40   16.10      1
8  WDAY240216P00330000   330.0       26.75   23.75   25.75      0
9  WDAY240216P00410000   410.0      144.40  113.70  116.85      2
BUD============== Filtered CALLS for $62.24==================
        Contract Name  Strike  Last Price   Bid   Ask Volume
0  BUD240216C00058000    58.0        4.24  2.90  6.10      1
1  BUD240216C00059000    59.0        4.50  1.90  4.80      1
2  BUD240216C00060000    60.0        2.97  2.00  2.85      2
3  BUD240216C00061000    61.0        2.10  1.15  1.75    234
4  BUD240216C00062000    62.0        0.25  0.30  0.45    501
5  BUD240216C00062500    62.5        0.60  0.05  0.15     12
6  BUD240216C00063000    63.0        0.03  0.00  0.05      4
7  BUD240216C00064000    64.0        0.06  0.00  0.05    434
8  BUD240216C00065000    65.0        0.03  0.00  0.05      2
9  BUD240216C00066000    66.0        0.10  0.00  0.05     25
BUD============== Filtered PUTS for $62.24===================
        Contract Name  Strike  Last Price   Bid   Ask Volume
0  BUD240216P00058000    58.0        0.05  0.00  0.05      1
1  BUD240216P00059000    59.0        0.05  0.00  0.05      1
2  BUD240216P00060000    60.0        0.03  0.00  0.05     10
3  BUD240216P00061000    61.0        0.10  0.00  0.05     10
4  BUD240216P00062000    62.0        0.10  0.00  0.10     11
5  BUD240216P00062500    62.5        0.21  0.25  0.30     74
6  BUD240216P00063000    63.0        1.10  0.65  0.80      2
7  BUD240216P00064000    64.0        1.80  1.35  1.80      1
8  BUD240216P00065000    65.0        3.10  2.15  2.75      1
9  BUD240216P00066000    66.0        1.57  1.85  5.80      2
GOLD============== Filtered CALLS for $14.69==================
         Contract Name  Strike  Last Price   Bid   Ask Volume
0  GOLD240216C00012500    12.5        2.05  2.14  2.18      1
1  GOLD240216C00013000    13.0        1.60  1.64  1.68     32
2  GOLD240216C00013500    13.5        1.07  1.14  1.18      4
3  GOLD240216C00014000    14.0        0.67  0.65  0.68    115
4  GOLD240216C00014500    14.5        0.18  0.17  0.20    861
5  GOLD240216C00015000    15.0        0.01  0.00  0.01    115
6  GOLD240216C00015500    15.5        0.01  0.00  0.01     25
7  GOLD240216C00016000    16.0        0.01  0.00  0.01     25
8  GOLD240216C00016500    16.5        0.01  0.00  0.01     11
9  GOLD240216C00017000    17.0        0.01  0.00  0.01     28
GOLD============== Filtered PUTS for $14.69===================
         Contract Name  Strike  Last Price   Bid   Ask Volume
0  GOLD240216P00012500    12.5        0.01  0.00  0.02      5
1  GOLD240216P00013000    13.0        0.01  0.00  0.01   1050
2  GOLD240216P00013500    13.5        0.01  0.00  0.01     46
3  GOLD240216P00014000    14.0        0.01  0.00  0.01     19
4  GOLD240216P00014500    14.5        0.02  0.02  0.03     85
5  GOLD240216P00015000    15.0        0.34  0.34  0.52     77
6  GOLD240216P00015500    15.5        0.84  0.82  0.87     34
7  GOLD240216P00016000    16.0        1.19  1.28  1.38      4
8  GOLD240216P00016500    16.5        2.49  1.82  1.87    400
9  GOLD240216P00017000    17.0        2.40  2.32  2.37     19
WPM============== Filtered CALLS for $44.71==================
        Contract Name  Strike  Last Price   Bid   Ask  Volume
0  WPM240216C00035000    35.0        8.71  9.60  9.80       1
1  WPM240216C00040000    40.0        3.40  4.60  4.80       1
2  WPM240216C00042000    42.0        2.22  2.45  2.75       1
3  WPM240216C00043000    43.0        1.66  1.55  1.75       3
4  WPM240216C00044000    44.0        0.55  0.60  0.75      51
5  WPM240216C00045000    45.0        0.10  0.05  0.15       7
6  WPM240216C00046000    46.0        0.02  0.00  0.05       5
7  WPM240216C00047000    47.0        0.05  0.00  0.20      21
8  WPM240216C00048000    48.0        0.05  0.00  0.25       1
9  WPM240216C00049000    49.0        0.01  0.00  0.05       6
WPM============== Filtered PUTS for $44.71===================
        Contract Name  Strike  Last Price   Bid   Ask Volume
0  WPM240216P00040000    40.0        0.02  0.00  0.05      1
1  WPM240216P00041000    41.0        0.06  0.00  0.10      1
2  WPM240216P00042000    42.0        0.16  0.00  0.05      2
3  WPM240216P00043000    43.0        0.05  0.00  0.05      3
4  WPM240216P00044000    44.0        0.05  0.00  0.05      1
5  WPM240216P00045000    45.0        0.66  0.40  0.50     22
6  WPM240216P00046000    46.0        1.35  1.30  1.40      1
7  WPM240216P00047000    47.0        2.35  2.25  2.45      3
8  WPM240216P00048000    48.0        3.50  3.20  3.40      2
9  WPM240216P00049000    49.0        5.90  4.20  4.40      5
GSK============== Filtered CALLS for $42.15==================
        Contract Name  Strike  Last Price   Bid   Ask Volume
0  GSK240216C00039000    39.0        3.10  3.00  3.30      8
1  GSK240216C00039500    39.5        2.30  2.50  2.80      2
2  GSK240216C00040000    40.0        2.13  2.15  2.30     16
3  GSK240216C00041000    41.0        1.09  1.15  1.30     24
4  GSK240216C00042000    42.0        0.17  0.15  0.30     64
5  GSK240216C00043000    43.0        0.03  0.00  0.05     10
6  GSK240216C00044000    44.0        0.05  0.00  0.05      2
7  GSK240216C00045000    45.0        0.09  0.00  0.10      1
8  GSK240216C00050000    50.0        0.05  0.00  0.05      2
GSK============== Filtered PUTS for $42.15===================
        Contract Name  Strike  Last Price   Bid   Ask  Volume
0  GSK240216P00039000    39.0        0.03  0.00  0.05      29
1  GSK240216P00039500    39.5        0.03  0.00  0.05       1
2  GSK240216P00040000    40.0        0.17  0.00  0.50       1
3  GSK240216P00041000    41.0        0.08  0.00  0.75       2
4  GSK240216P00042000    42.0        0.35  0.00  0.05      65
5  GSK240216P00043000    43.0        1.34  0.80  1.15       1
6  GSK240216P00045000    45.0        6.40  2.45  3.30       1
DB============== Filtered CALLS for $12.95==================
       Contract Name  Strike  Last Price   Bid   Ask Volume
0  DB240216C00010000    10.0        2.90  2.95  3.10      1
1  DB240216C00011000    11.0        1.91  1.90  2.05      1
2  DB240216C00011500    11.5        1.10  1.40  1.60      0
3  DB240216C00012000    12.0        0.80  0.90  1.05     19
4  DB240216C00012500    12.5        0.50  0.45  0.55      1
5  DB240216C00013000    13.0        0.10  0.00  0.10     47
6  DB240216C00013500    13.5        0.15  0.00  0.05     12
7  DB240216C00014000    14.0        0.03  0.00  0.05      1
8  DB240216C00014500    14.5        0.05  0.00  0.70      0
9  DB240216C00015000    15.0        0.05  0.00  0.05      1
DB============== Filtered PUTS for $12.95===================
       Contract Name  Strike  Last Price   Bid   Ask Volume
0  DB240216P00010000    10.0        0.05  0.00  0.10      0
1  DB240216P00011000    11.0        0.05  0.00  0.05      2
2  DB240216P00011500    11.5        0.05  0.00  0.65      0
3  DB240216P00012000    12.0        0.05  0.00  0.65      2
4  DB240216P00012500    12.5        0.05  0.00  0.05      3
5  DB240216P00013000    13.0        0.11  0.05  0.15      2
6  DB240216P00013500    13.5        1.00  0.40  0.65      3
7  DB240216P00014000    14.0        1.07  1.00  1.15      7
8  DB240216P00014500    14.5        1.90  1.40  1.65      3
9  DB240216P00015000    15.0        1.37  1.55  2.30      4
PBR============== Filtered CALLS for $17.77==================
        Contract Name  Strike  Last Price   Bid   Ask Volume
0  PBR240216C00015500    15.5        2.00  2.08  2.48      1
1  PBR240216C00016000    16.0        1.69  1.69  1.74     92
2  PBR240216C00016500    16.5        1.24  1.16  1.40     71
3  PBR240216C00017000    17.0        0.72  0.69  0.75    579
4  PBR240216C00017500    17.5        0.22  0.20  0.25    997
5  PBR240216C00018000    18.0        0.02  0.00  0.02    106
6  PBR240216C00018500    18.5        0.01  0.00  0.01      3
7  PBR240216C00019000    19.0        0.01  0.00  0.01      2
8  PBR240216C00019500    19.5        0.02  0.00  0.17      4
9  PBR240216C00020000    20.0        0.03  0.00  0.01      2
PBR============== Filtered PUTS for $17.77===================
        Contract Name  Strike  Last Price   Bid   Ask Volume
0  PBR240216P00015500    15.5        0.01  0.00  0.01      2
1  PBR240216P00016000    16.0        0.01  0.00  0.01     39
2  PBR240216P00016500    16.5        0.01  0.00  0.21     10
3  PBR240216P00017000    17.0        0.01  0.00  0.01     58
4  PBR240216P00017500    17.5        0.03  0.00  0.02    160
5  PBR240216P00018000    18.0        0.29  0.27  0.31      5
6  PBR240216P00018500    18.5        1.03  0.52  1.16      1
7  PBR240216P00019000    19.0        1.16  1.16  1.59      1
8  PBR240216P00021500    21.5        4.40  2.62  5.40      0
9  PBR240216P00025000    25.0        8.15  6.05  7.50      0
CPNG============== Filtered CALLS for $15.66==================
         Contract Name  Strike  Last Price   Bid   Ask Volume
0  CPNG240216C00013500    13.5        2.02  2.08  2.15     22
1  CPNG240216C00014000    14.0        1.65  1.58  1.67     61
2  CPNG240216C00014500    14.5        1.14  1.03  1.16      8
3  CPNG240216C00015000    15.0        0.65  0.59  0.65    483
4  CPNG240216C00015500    15.5        0.20  0.15  0.17     53
5  CPNG240216C00016000    16.0        0.02  0.00  0.03     15
6  CPNG240216C00016500    16.5        0.03  0.00  0.05      5
7  CPNG240216C00017500    17.5        0.01  0.00  0.01     13
8  CPNG240216C00020000    20.0        0.01  0.00  0.01    101
9  CPNG240216C00022500    22.5        0.02  0.00  0.01      2
CPNG============== Filtered PUTS for $15.66===================
         Contract Name  Strike  Last Price   Bid   Ask  Volume
0  CPNG240216P00013500    13.5        0.01  0.00  0.75       1
1  CPNG240216P00014000    14.0        0.01  0.00  0.56       2
2  CPNG240216P00014500    14.5        0.01  0.00  0.25       2
3  CPNG240216P00015000    15.0        0.05  0.01  0.05       2
4  CPNG240216P00015500    15.5        0.07  0.03  0.05       5
5  CPNG240216P00016000    16.0        0.37  0.37  0.43       9
6  CPNG240216P00017500    17.5        2.40  1.87  1.93      22
7  CPNG240216P00020000    20.0        3.64  4.05  5.55       1
8  CPNG240216P00022500    22.5        6.75  6.85  7.55       2
9  CPNG240216P00025000    25.0       10.50  9.30  9.70       1
NTR============== Filtered CALLS for $50.93==================
        Contract Name  Strike  Last Price   Bid   Ask Volume
0  NTR240216C00047000    47.0        4.41  3.80  4.10      0
1  NTR240216C00047500    47.5        2.95  3.30  3.60     10
2  NTR240216C00048000    48.0        2.40  2.85  3.00     11
3  NTR240216C00049000    49.0        1.27  1.80  2.00      2
4  NTR240216C00050000    50.0        0.85  0.85  1.00     17
5  NTR240216C00051000    51.0        0.15  0.15  0.25     12
6  NTR240216C00052000    52.0        0.03  0.00  0.05      1
7  NTR240216C00052500    52.5        0.02  0.00  0.10      1
8  NTR240216C00053000    53.0        0.04  0.00  0.05     21
9  NTR240216C00054000    54.0        0.05  0.00  0.25      6
NTR============== Filtered PUTS for $50.93===================
        Contract Name  Strike  Last Price  Bid   Ask Volume
0  NTR240216P00047000    47.0        0.05  0.0  0.75      4
1  NTR240216P00047500    47.5        0.03  0.0  0.05     16
2  NTR240216P00048000    48.0        0.04  0.0  0.10      2
3  NTR240216P00049000    49.0        0.07  0.0  0.05     61
4  NTR240216P00050000    50.0        0.05  0.0  0.05      1
5  NTR240216P00051000    51.0        0.40  0.2  0.30      7
6  NTR240216P00052000    52.0        2.90  1.0  1.15      4
7  NTR240216P00052500    52.5        1.57  1.5  1.65      5
8  NTR240216P00053000    53.0        2.85  2.0  2.15      2
9  NTR240216P00054000    54.0        3.60  3.0  3.20      0
TECK============== Filtered CALLS for $38.92==================
         Contract Name  Strike  Last Price   Bid   Ask Volume
0  TECK240216C00036500    36.5        0.63  1.76  2.86    138
1  TECK240216C00037000    37.0        2.10  1.60  2.12    100
2  TECK240216C00037500    37.5        0.52  0.75  2.72    111
3  TECK240216C00038000    38.0        1.20  0.64  1.21      4
4  TECK240216C00038500    38.5        0.48  0.41  0.52      1
5  TECK240216C00039000    39.0        0.15  0.10  0.23    124
6  TECK240216C00039500    39.5        0.09  0.00  0.16    274
7  TECK240216C00040000    40.0        0.04  0.00  0.10     10
8  TECK240216C00040500    40.5        0.05  0.01  0.19      1
9  TECK240216C00041000    41.0        0.06  0.00  0.52      1
TECK============== Filtered PUTS for $38.92===================
         Contract Name  Strike  Last Price   Bid   Ask Volume
0  TECK240216P00036500    36.5        0.11  0.00  0.75      1
1  TECK240216P00037000    37.0        0.05  0.00  0.44     31
2  TECK240216P00037500    37.5        0.10  0.00  0.46    111
3  TECK240216P00038000    38.0        0.21  0.02  0.05    203
4  TECK240216P00038500    38.5        0.15  0.07  0.16      2
5  TECK240216P00039000    39.0        0.40  0.24  0.33      1
6  TECK240216P00039500    39.5        0.86  0.58  0.75     70
7  TECK240216P00040000    40.0        1.78  1.01  1.45      1
8  TECK240216P00040500    40.5        3.70  1.28  1.76      2
9  TECK240216P00041000    41.0        3.25  1.72  2.23      1
TSM============== Filtered CALLS for $128.08==================
        Contract Name  Strike  Last Price   Bid   Ask Volume
0  TSM240216C00124000   124.0        3.30  3.85  4.00      4
1  TSM240216C00125000   125.0        2.98  2.75  3.10   3120
2  TSM240216C00126000   126.0        2.12  1.89  2.16    498
3  TSM240216C00127000   127.0        1.17  1.18  1.24    874
4  TSM240216C00128000   128.0        0.57  0.59  0.63   1570
5  TSM240216C00129000   129.0        0.25  0.22  0.26   2037
6  TSM240216C00130000   130.0        0.11  0.10  0.12   4359
7  TSM240216C00131000   131.0        0.05  0.05  0.06    363
8  TSM240216C00132000   132.0        0.03  0.02  0.04    673
9  TSM240216C00133000   133.0        0.01  0.01  0.02    226
TSM============== Filtered PUTS for $128.08===================
        Contract Name  Strike  Last Price   Bid   Ask Volume
0  TSM240216P00124000   124.0        0.02  0.02  0.03    148
1  TSM240216P00125000   125.0        0.04  0.03  0.05   1258
2  TSM240216P00126000   126.0        0.09  0.08  0.11   1186
3  TSM240216P00127000   127.0        0.26  0.25  0.28    640
4  TSM240216P00128000   128.0        0.69  0.61  0.64    427
5  TSM240216P00129000   129.0        1.31  1.24  1.28    603
6  TSM240216P00130000   130.0        2.02  2.07  2.27    119
7  TSM240216P00131000   131.0        3.10  2.94  3.25    135
8  TSM240216P00132000   132.0        4.50  4.05  4.15     35
9  TSM240216P00133000   133.0        7.07  4.95  5.40     12
BABA============== Filtered CALLS for $74.72==================
         Contract Name  Strike  Last Price   Bid   Ask Volume
0  BABA240216C00070000    70.0        4.48  4.45  4.55    516
1  BABA240216C00071000    71.0        3.50  3.45  3.55    118
2  BABA240216C00072000    72.0        2.50  2.45  2.54    345
3  BABA240216C00073000    73.0        1.49  1.48  1.56   1244
4  BABA240216C00074000    74.0        0.56  0.56  0.60   3641
5  BABA240216C00075000    75.0        0.07  0.07  0.08  40930
6  BABA240216C00076000    76.0        0.02  0.02  0.03   8255
7  BABA240216C00077000    77.0        0.02  0.02  0.02   1374
8  BABA240216C00078000    78.0        0.02  0.01  0.02    704
9  BABA240216C00079000    79.0        0.01  0.00  0.01    110
BABA============== Filtered PUTS for $74.72===================
         Contract Name  Strike  Last Price   Bid   Ask Volume
0  BABA240216P00070000    70.0        0.01  0.00  0.01    279
1  BABA240216P00071000    71.0        0.01  0.01  0.02    445
2  BABA240216P00072000    72.0        0.01  0.01  0.02    467
3  BABA240216P00073000    73.0        0.02  0.02  0.03    522
4  BABA240216P00074000    74.0        0.09  0.08  0.09   1808
5  BABA240216P00075000    75.0        0.64  0.57  0.63   1569
6  BABA240216P00076000    76.0        1.31  1.45  1.58     48
7  BABA240216P00077000    77.0        2.13  2.35  2.60     34
8  BABA240216P00078000    78.0        3.20  3.45  3.60      4
9  BABA240216P00079000    79.0        5.70  4.50  4.60     12
VALE============== Filtered CALLS for $13.65==================
         Contract Name  Strike  Last Price   Bid   Ask Volume
0  VALE240216C00011000    11.0        4.08  3.30  3.95      2
1  VALE240216C00012000    12.0        1.62  1.55  1.75     10
2  VALE240216C00012500    12.5        0.83  1.05  1.23     50
3  VALE240216C00013000    13.0        0.60  0.59  0.72     51
4  VALE240216C00013500    13.5        0.13  0.13  0.15    773
5  VALE240216C00014000    14.0        0.01  0.00  0.01     53
6  VALE240216C00014500    14.5        0.01  0.00  0.01      3
7  VALE240216C00015000    15.0        0.03  0.00  0.01     12
8  VALE240216C00015500    15.5        0.01  0.00  0.02     16
9  VALE240216C00016000    16.0        0.01  0.00  0.01      1
VALE============== Filtered PUTS for $13.65===================
         Contract Name  Strike  Last Price   Bid   Ask Volume
0  VALE240216P00011000    11.0        0.01  0.00  0.75    507
1  VALE240216P00012000    12.0        0.01  0.00  0.01      4
2  VALE240216P00012500    12.5        0.01  0.00  0.01      1
3  VALE240216P00013000    13.0        0.01  0.00  0.02     55
4  VALE240216P00013500    13.5        0.02  0.00  0.02     83
5  VALE240216P00014000    14.0        0.38  0.30  0.41     25
6  VALE240216P00014500    14.5        1.23  0.78  0.93   1994
7  VALE240216P00015000    15.0        1.37  1.30  1.43      2
8  VALE240216P00015500    15.5        1.69  1.76  1.95      0
9  VALE240216P00016000    16.0        2.77  2.28  2.41      1
MRVL============== Filtered CALLS for $66.88==================
         Contract Name  Strike  Last Price   Bid   Ask Volume
0  MRVL240216C00062500    62.5        4.99  3.95  4.15     25
1  MRVL240216C00063000    63.0        5.20  3.20  3.75     24
2  MRVL240216C00064000    64.0        2.46  2.36  2.64      1
3  MRVL240216C00065000    65.0        1.35  1.47  1.76     29
4  MRVL240216C00066000    66.0        0.72  0.77  0.80    238
5  MRVL240216C00067000    67.0        0.26  0.24  0.27   1891
6  MRVL240216C00067500    67.5        0.12  0.10  0.13    710
7  MRVL240216C00068000    68.0        0.04  0.04  0.06    203
8  MRVL240216C00069000    69.0        0.01  0.01  0.02    125
9  MRVL240216C00070000    70.0        0.02  0.00  0.02    107
MRVL============== Filtered PUTS for $66.88===================
         Contract Name  Strike  Last Price   Bid   Ask Volume
0  MRVL240216P00062500    62.5        0.02  0.01  0.02    152
1  MRVL240216P00063000    63.0        0.02  0.01  0.03     85
2  MRVL240216P00064000    64.0        0.03  0.02  0.03     32
3  MRVL240216P00065000    65.0        0.09  0.05  0.07     62
4  MRVL240216P00066000    66.0        0.21  0.20  0.22    634
5  MRVL240216P00067000    67.0        0.70  0.65  0.70    486
6  MRVL240216P00067500    67.5        1.09  0.99  1.25    133
7  MRVL240216P00068000    68.0        1.54  1.45  1.65    221
8  MRVL240216P00069000    69.0        2.50  2.26  2.75     30
9  MRVL240216P00070000    70.0        3.81  3.45  3.55     37
NVO============== Filtered CALLS for $123.53==================
        Contract Name  Strike  Last Price   Bid   Ask Volume
0  NVO240216C00119000   119.0        3.20  3.35  4.45      3
1  NVO240216C00120000   120.0        3.10  2.95  3.35    144
2  NVO240216C00121000   121.0        2.19  1.96  2.98     99
3  NVO240216C00122000   122.0        1.18  1.13  1.50    492
4  NVO240216C00123000   123.0        0.58  0.57  0.63   1503
5  NVO240216C00124000   124.0        0.19  0.14  0.25    814
6  NVO240216C00125000   125.0        0.02  0.03  0.13     67
7  NVO240216C00126000   126.0        0.01  0.00  0.25     32
8  NVO240216C00127000   127.0        0.08  0.00  0.23      5
9  NVO240216C00128000   128.0        0.01  0.01  0.09    201
NVO============== Filtered PUTS for $123.53===================
        Contract Name  Strike  Last Price   Bid   Ask Volume
0  NVO240216P00119000   119.0        0.05  0.01  0.05     62
1  NVO240216P00120000   120.0        0.05  0.02  0.04     61
2  NVO240216P00121000   121.0        0.03  0.00  0.12     41
3  NVO240216P00122000   122.0        0.05  0.03  0.09     28
4  NVO240216P00123000   123.0        0.48  0.29  0.46      9
5  NVO240216P00124000   124.0        2.14  0.92  1.45     36
6  NVO240216P00125000   125.0        3.80  0.65  2.19     20
7  NVO240216P00126000   126.0        2.99  2.47  2.99     15
8  NVO240216P00129000   129.0        9.05  4.35  7.45      0
9  NVO240216P00130000   130.0        9.90  5.30  7.05     13
