BUD============== Filtered CALLS for $65.53==================
        Contract Name  Strike  Last Price   Bid   Ask Volume
0  BUD240209C00061000    61.0        4.75  2.45  6.20      2
1  BUD240209C00062000    62.0        3.75  1.10  5.00     12
2  BUD240209C00063000    63.0        2.45  2.00  4.00     94
3  BUD240209C00064000    64.0        1.58  1.35  1.75    310
4  BUD240209C00065000    65.0        0.70  0.75  0.80    606
5  BUD240209C00066000    66.0        0.25  0.25  0.30    233
6  BUD240209C00067000    67.0        0.20  0.10  0.15     61
7  BUD240209C00068000    68.0        0.06  0.00  0.10      2
8  BUD240209C00069000    69.0        0.03  0.00  0.10    113
9  BUD240209C00070000    70.0        0.05  0.00  0.05      8
BUD============== Filtered PUTS for $65.53===================
        Contract Name  Strike  Last Price   Bid   Ask Volume
0  BUD240209P00061000    61.0        0.08  0.00  0.75      4
1  BUD240209P00062000    62.0        0.05  0.00  0.05     10
2  BUD240209P00063000    63.0        0.06  0.00  0.05     60
3  BUD240209P00064000    64.0        0.05  0.00  0.10     17
4  BUD240209P00065000    65.0        0.25  0.15  0.30    117
PBR============== Filtered CALLS for $17.39==================
        Contract Name  Strike  Last Price   Bid   Ask Volume
0  PBR240209C00015000    15.0        2.47  2.36  2.46      2
1  PBR240209C00015500    15.5        1.61  1.63  2.12     10
2  PBR240209C00016000    16.0        1.37  0.81  1.81      6
3  PBR240209C00016500    16.5        0.80  0.82  1.06     48
4  PBR240209C00017000    17.0        0.46  0.43  0.48    113
5  PBR240209C00017500    17.5        0.13  0.14  0.15    628
6  PBR240209C00018000    18.0        0.03  0.02  0.03     40
7  PBR240209C00018500    18.5        0.02  0.00  0.03    306
8  PBR240209C00019000    19.0        0.01  0.00  0.02      1
9  PBR240209C00019500    19.5        0.01  0.00  0.01      1
PBR============== Filtered PUTS for $17.39===================
        Contract Name  Strike  Last Price   Bid   Ask Volume
0  PBR240209P00015000    15.0        0.02  0.00  0.01     22
1  PBR240209P00015500    15.5        0.02  0.00  0.01    221
2  PBR240209P00016000    16.0        0.01  0.00  0.01      1
3  PBR240209P00016500    16.5        0.02  0.01  0.02      9
4  PBR240209P00017000    17.0        0.06  0.05  0.07    199
5  PBR240209P00017500    17.5        0.25  0.23  0.26     76
6  PBR240209P00018000    18.0        0.65  0.48  0.77      2
TSM============== Filtered CALLS for $124.98==================
        Contract Name  Strike  Last Price   Bid   Ask  Volume
0  TSM240209C00120000   120.0        4.95  5.00  5.20    4304
1  TSM240209C00121000   121.0        4.10  4.05  4.25    1899
2  TSM240209C00122000   122.0        3.25  3.20  3.35    4541
3  TSM240209C00123000   123.0        2.50  2.46  2.54    5941
4  TSM240209C00124000   124.0        1.76  1.79  1.83    5203
5  TSM240209C00125000   125.0        1.27  1.23  1.25    8041
6  TSM240209C00126000   126.0        0.83  0.81  0.86    1103
7  TSM240209C00127000   127.0        0.55  0.53  0.55    3699
8  TSM240209C00128000   128.0        0.34  0.33  0.38     552
9  TSM240209C00129000   129.0        0.19  0.21  0.24     185
TSM============== Filtered PUTS for $124.98===================
        Contract Name  Strike  Last Price   Bid   Ask Volume
0  TSM240209P00120000   120.0        0.09  0.07  0.09   1729
1  TSM240209P00121000   121.0        0.15  0.13  0.15    796
2  TSM240209P00122000   122.0        0.26  0.24  0.27   1093
3  TSM240209P00123000   123.0        0.46  0.44  0.47   2070
4  TSM240209P00124000   124.0        0.81  0.74  0.80    459
5  TSM240209P00125000   125.0        1.24  1.18  1.24    629
6  TSM240209P00127000   127.0        2.49  2.45  2.54     96
7  TSM240209P00129000   129.0       11.50  3.50  4.50      5
8  TSM240209P00131000   131.0        6.70  6.00  6.25     11
BABA============== Filtered CALLS for $73.64==================
         Contract Name  Strike  Last Price   Bid   Ask  Volume
0  BABA240209C00069000    69.0        4.75  4.60  5.40      36
1  BABA240209C00070000    70.0        3.80  3.35  3.90    2316
2  BABA240209C00071000    71.0        2.95  2.87  2.98     301
3  BABA240209C00072000    72.0        2.19  1.97  2.20    1588
4  BABA240209C00073000    73.0        1.52  1.49  1.57    4081
5  BABA240209C00074000    74.0        1.01  1.00  1.03   10044
6  BABA240209C00075000    75.0        0.67  0.66  0.67   21560
7  BABA240209C00076000    76.0        0.41  0.41  0.44   12105
8  BABA240209C00077000    77.0        0.27  0.26  0.27   11789
9  BABA240209C00078000    78.0        0.17  0.17  0.18    8530
BABA============== Filtered PUTS for $73.64===================
         Contract Name  Strike  Last Price   Bid   Ask  Volume
0  BABA240209P00069000    69.0        0.07  0.07  0.08    3247
1  BABA240209P00070000    70.0        0.12  0.12  0.13   11149
2  BABA240209P00071000    71.0        0.26  0.25  0.26    3750
3  BABA240209P00072000    72.0        0.46  0.46  0.50    9682
4  BABA240209P00073000    73.0        0.85  0.82  0.85    9322
5  BABA240209P00074000    74.0        1.35  1.30  1.39    7074
6  BABA240209P00075000    75.0        2.01  1.94  2.04    6448
7  BABA240209P00076000    76.0        2.75  2.55  2.88     996
8  BABA240209P00077000    77.0        3.58  3.50  3.65    1469
9  BABA240209P00078000    78.0        4.45  4.45  4.55    1190
NVO============== Filtered CALLS for $118.66==================
        Contract Name  Strike  Last Price   Bid   Ask Volume
0  NVO240209C00114000   114.0        4.60  4.65  4.95     35
1  NVO240209C00115000   115.0        3.75  3.65  3.95    165
2  NVO240209C00116000   116.0        2.70  2.75  2.97     82
3  NVO240209C00117000   117.0        2.05  1.91  2.13    273
4  NVO240209C00118000   118.0        1.30  1.26  1.35    450
5  NVO240209C00119000   119.0        0.78  0.75  0.85   1070
6  NVO240209C00120000   120.0        0.41  0.41  0.48   2228
7  NVO240209C00121000   121.0        0.25  0.23  0.26    110
8  NVO240209C00122000   122.0        0.17  0.12  0.17    677
9  NVO240209C00123000   123.0        0.09  0.08  0.11     17
NVO============== Filtered PUTS for $118.66===================
        Contract Name  Strike  Last Price   Bid   Ask Volume
0  NVO240209P00114000   114.0        0.02  0.01  0.10    214
1  NVO240209P00115000   115.0        0.06  0.05  0.07    291
2  NVO240209P00116000   116.0        0.14  0.11  0.16    473
3  NVO240209P00117000   117.0        0.31  0.27  0.32   2129
4  NVO240209P00118000   118.0        0.58  0.53  0.65    794
5  NVO240209P00120000   120.0        1.47  1.62  1.78     24
PDD============== Filtered CALLS for $128.78==================
        Contract Name  Strike  Last Price   Bid   Ask Volume
0  PDD240209C00124000   124.0        5.55  5.10  5.35     60
1  PDD240209C00125000   125.0        4.60  3.35  4.60    538
2  PDD240209C00126000   126.0        3.91  3.50  3.70    218
3  PDD240209C00127000   127.0        2.80  2.66  2.95    291
4  PDD240209C00128000   128.0        2.48  2.08  2.41    424
5  PDD240209C00129000   129.0        1.72  1.67  1.86    457
6  PDD240209C00130000   130.0        1.31  1.27  1.31   1000
7  PDD240209C00131000   131.0        0.95  0.86  1.07    874
8  PDD240209C00132000   132.0        0.70  0.67  0.74    184
9  PDD240209C00133000   133.0        0.49  0.48  0.55    154
PDD============== Filtered PUTS for $128.78===================
        Contract Name  Strike  Last Price   Bid   Ask Volume
0  PDD240209P00124000   124.0        0.32  0.29  0.45    389
1  PDD240209P00125000   125.0        0.42  0.44  0.53   2327
2  PDD240209P00126000   126.0        0.60  0.65  0.74    471
3  PDD240209P00127000   127.0        0.96  0.86  1.20    141
4  PDD240209P00128000   128.0        1.35  1.28  1.55    472
5  PDD240209P00129000   129.0        1.64  1.76  1.97    128
6  PDD240209P00130000   130.0        2.26  2.24  2.51    100
7  PDD240209P00131000   131.0        3.45  2.99  3.15      8
8  PDD240209P00132000   132.0        3.90  3.70  4.00     50
9  PDD240209P00133000   133.0        4.35  3.75  5.15      3
SHEL============== Filtered CALLS for $63.56==================
         Contract Name  Strike  Last Price   Bid   Ask  Volume
0  SHEL240209C00059000    59.0        3.70  4.50  4.70       8
1  SHEL240209C00060000    60.0        3.60  3.50  3.80       1
2  SHEL240209C00061000    61.0        2.36  2.15  2.75       1
3  SHEL240209C00062000    62.0        1.40  1.55  1.70       2
4  SHEL240209C00063000    63.0        0.75  0.70  0.80      23
5  SHEL240209C00064000    64.0        0.15  0.15  0.25       1
6  SHEL240209C00065000    65.0        0.06  0.00  0.10       4
7  SHEL240209C00066000    66.0        0.05  0.00  0.05       1
8  SHEL240209C00067000    67.0        0.04  0.00  0.40       2
9  SHEL240209C00068000    68.0        0.05  0.00  0.05       1
SHEL============== Filtered PUTS for $63.56===================
         Contract Name  Strike  Last Price   Bid   Ask Volume
0  SHEL240209P00059000    59.0        0.10  0.00  0.50     21
1  SHEL240209P00060000    60.0        0.23  0.00  0.50      1
2  SHEL240209P00061000    61.0        0.12  0.00  0.05      5
3  SHEL240209P00062000    62.0        0.09  0.00  0.05      4
4  SHEL240209P00063000    63.0        0.16  0.10  0.20    179
5  SHEL240209P00064000    64.0        0.75  0.50  0.65      2
6  SHEL240209P00065000    65.0        1.64  1.10  1.55      1
7  SHEL240209P00066000    66.0        2.66  1.45  2.55      1
8  SHEL240209P00067000    67.0        5.93  3.30  3.70      0
9  SHEL240209P00068000    68.0        6.70  4.30  4.60      1
SHOP============== Filtered CALLS for $85.17==================
         Contract Name  Strike  Last Price   Bid   Ask  Volume
0  SHOP240209C00081000    81.0        4.36  3.75  4.55    1026
1  SHOP240209C00082000    82.0        3.42  3.00  3.60    2853
2  SHOP240209C00083000    83.0        2.63  2.53  2.72    2910
3  SHOP240209C00084000    84.0        1.90  1.82  1.95    3680
4  SHOP240209C00085000    85.0        1.32  1.18  1.37    5371
5  SHOP240209C00086000    86.0        0.91  0.87  0.91    3549
6  SHOP240209C00087000    87.0        0.57  0.55  0.60    1336
7  SHOP240209C00088000    88.0        0.37  0.25  0.36    1374
8  SHOP240209C00089000    89.0        0.22  0.19  0.22     898
9  SHOP240209C00090000    90.0        0.13  0.11  0.13    3188
SHOP============== Filtered PUTS for $85.17===================
         Contract Name  Strike  Last Price   Bid   Ask Volume
0  SHOP240209P00081000    81.0        0.12  0.11  0.13    991
1  SHOP240209P00082000    82.0        0.17  0.20  0.23   1913
2  SHOP240209P00083000    83.0        0.39  0.37  0.41   2055
3  SHOP240209P00084000    84.0        0.69  0.67  0.70   1073
4  SHOP240209P00085000    85.0        1.09  1.08  1.16   2444
5  SHOP240209P00086000    86.0        1.65  1.64  1.67    160
6  SHOP240209P00087000    87.0        2.34  2.29  2.59     55
7  SHOP240209P00088000    88.0        3.24  2.65  4.00      8
8  SHOP240209P00089000    89.0        4.30  3.65  4.20     21
9  SHOP240209P00090000    90.0        4.95  4.30  5.10      4
SONY============== Filtered CALLS for $97.26==================
         Contract Name  Strike  Last Price   Bid   Ask  Volume
0  SONY240209C00092000    92.0        4.30  4.70  7.50       4
1  SONY240209C00093000    93.0        3.60  2.80  4.90       4
2  SONY240209C00095000    95.0        3.75  2.40  2.60       1
3  SONY240209C00096000    96.0        1.38  1.55  1.75      12
4  SONY240209C00097000    97.0        1.05  0.90  1.05      10
5  SONY240209C00098000    98.0        0.56  0.45  0.60      17
6  SONY240209C00099000    99.0        0.27  0.20  0.30      46
7  SONY240209C00100000   100.0        0.10  0.05  0.10      18
8  SONY240209C00101000   101.0        0.07  0.00  0.10       2
9  SONY240209C00102000   102.0        0.06  0.00  0.15      60
SONY============== Filtered PUTS for $97.26===================
         Contract Name  Strike  Last Price   Bid   Ask Volume
0  SONY240209P00093000    93.0        2.45  0.05  0.10      1
1  SONY240209P00094000    94.0        0.10  0.00  0.15      4
2  SONY240209P00095000    95.0        0.45  0.10  0.20      5
3  SONY240209P00096000    96.0        0.30  0.25  0.40      5
4  SONY240209P00097000    97.0        0.67  0.55  0.70      9
5  SONY240209P00098000    98.0        1.20  1.10  1.25      5
6  SONY240209P00099000    99.0        1.55  1.80  2.00     29
7  SONY240209P00100000   100.0        2.35  2.60  3.00      1
8  SONY240209P00101000   101.0        4.49  2.95  5.00      0
9  SONY240209P00102000   102.0        4.10  3.10  5.00      1
HSBC============== Filtered CALLS for $39.95==================
         Contract Name  Strike  Last Price   Bid   Ask  Volume
0  HSBC240209C00038000    38.0        0.95  1.20  3.90       1
1  HSBC240209C00039000    39.0        1.00  0.65  1.35       1
2  HSBC240209C00040000    40.0        0.21  0.15  0.30       5
3  HSBC240209C00041000    41.0        0.05  0.00  0.05       3
HSBC============== Filtered PUTS for $39.95===================
         Contract Name  Strike  Last Price  Bid   Ask  Volume
0  HSBC240209P00037000    37.0        0.28  0.0  0.05       6
1  HSBC240209P00038000    38.0        0.10  0.0  0.50       4
2  HSBC240209P00039000    39.0        0.10  0.0  0.70       3
3  HSBC240209P00041000    41.0        1.74  0.0  3.10       2
4  HSBC240209P00045000    45.0        4.80  4.8  7.00       5
5  HSBC240209P00047000    47.0        6.80  6.8  7.30       5
AZN============== Filtered CALLS for $66.55==================
        Contract Name  Strike  Last Price   Bid   Ask Volume
0  AZN240209C00060000    60.0        5.94  6.35  6.90     15
1  AZN240209C00064000    64.0        3.10  2.91  3.10      1
2  AZN240209C00065000    65.0        2.31  2.20  2.43     32
3  AZN240209C00066000    66.0        1.64  1.60  1.67     79
4  AZN240209C00067000    67.0        1.15  1.11  1.16    630
5  AZN240209C00068000    68.0        0.76  0.75  0.86   5288
6  AZN240209C00069000    69.0        0.50  0.43  0.51   3946
7  AZN240209C00070000    70.0        0.26  0.24  0.31    191
8  AZN240209C00071000    71.0        0.13  0.13  0.21    153
AZN============== Filtered PUTS for $66.55===================
        Contract Name  Strike  Last Price   Bid   Ask Volume
0  AZN240209P00062000    62.0        0.13  0.11  0.22    582
1  AZN240209P00063000    63.0        0.24  0.24  0.25   1527
2  AZN240209P00064000    64.0        0.43  0.31  0.45    134
3  AZN240209P00065000    65.0        0.68  0.63  0.70   1259
4  AZN240209P00066000    66.0        1.02  1.02  1.07   2145
5  AZN240209P00067000    67.0        1.51  1.50  1.55    856
6  AZN240209P00068000    68.0        2.10  2.12  2.19      6
7  AZN240209P00069000    69.0        2.82  2.81  2.97     11
8  AZN240209P00070000    70.0        3.69  3.60  4.45      1
9  AZN240209P00072000    72.0        5.47  5.25  5.80      1
ASML============== Filtered CALLS for $922.23==================
         Contract Name  Strike  Last Price    Bid    Ask Volume
0  ASML240209C00900000   900.0       26.00  23.70  25.40    204
1  ASML240209C00905000   905.0       20.30  19.60  21.00     94
2  ASML240209C00910000   910.0       15.95  15.60  16.80    219
3  ASML240209C00915000   915.0       13.54  12.40  13.00    236
4  ASML240209C00920000   920.0       10.10   9.40  10.10    769
5  ASML240209C00925000   925.0        7.15   7.00   7.50    411
6  ASML240209C00930000   930.0        5.18   5.00   5.40    901
7  ASML240209C00935000   935.0        3.60   3.50   4.00    314
8  ASML240209C00940000   940.0        2.67   2.50   2.90    219
9  ASML240209C00950000   950.0        1.40   1.25   1.55   1004
ASML============== Filtered PUTS for $922.23===================
         Contract Name  Strike  Last Price    Bid    Ask Volume
0  ASML240209P00885000   885.0        0.35   0.35   0.60     66
1  ASML240209P00890000   890.0        0.60   0.55   0.75    101
2  ASML240209P00895000   895.0        1.00   0.90   1.15     72
3  ASML240209P00900000   900.0        1.25   1.30   1.70    170
4  ASML240209P00905000   905.0        2.30   1.90   2.40     69
5  ASML240209P00950000   950.0       52.60  27.20  29.60     11
6  ASML240209P00970000   970.0       84.60  46.20  49.40      0
7  ASML240209P00980000   980.0       88.50  55.80  59.40      1
=================== Sorted Result =======================
 PBR 33.9
 AZN 24.6
 BABA 17.1
 SHOP 13.9
 PDD 9.6
 TSM 6.4
 SONY 6.1
 BUD 5.8
 NVO 4.9
 SHEL 4.3
 ASML 0.6
 HSBC 0.0
 ======== Notification =============
PBR33.9,AZN24.6,BABA17.1,SHOP13.9,PDD9.6,TSM6.4,SONY6.1,BUD5.8,NVO4.9,SHEL4.3,ASML0.6,
86
SMS sent successfully to 8326897908
SMS sent successfully to 7635875117
SMS sent successfully to 8327823690
SMS sent successfully to 2818182512
