BUD============== Filtered CALLS for $65.53==================
        Contract Name  Strike  Last Price   Bid   Ask Volume
0  BUD240209C00061000    61.0        4.75  2.80  5.50      2
1  BUD240209C00062000    62.0        3.75  2.70  4.80     12
2  BUD240209C00063000    63.0        2.45  2.30  2.60     94
3  BUD240209C00064000    64.0        1.58  1.45  1.55    310
4  BUD240209C00065000    65.0        0.65  0.60  0.70     66
5  BUD240209C00066000    66.0        0.20  0.15  0.20      9
6  BUD240209C00067000    67.0        0.20  0.00  0.10     61
7  BUD240209C00068000    68.0        0.10  0.00  0.10      5
8  BUD240209C00069000    69.0        0.03  0.00  0.10    113
9  BUD240209C00070000    70.0        0.05  0.00  0.10      8
BUD============== Filtered PUTS for $65.53===================
        Contract Name  Strike  Last Price   Bid   Ask Volume
0  BUD240209P00061000    61.0        0.08  0.00  0.75      4
1  BUD240209P00062000    62.0        0.05  0.00  0.05     10
2  BUD240209P00063000    63.0        0.06  0.00  0.10     60
3  BUD240209P00064000    64.0        0.05  0.00  0.10     17
4  BUD240209P00065000    65.0        0.20  0.15  0.20     27
PBR============== Filtered CALLS for $17.35==================
        Contract Name  Strike  Last Price   Bid   Ask Volume
0  PBR240209C00015000    15.0        2.96  1.71  4.65     90
1  PBR240209C00015500    15.5        1.61  0.05  4.00     10
2  PBR240209C00016000    16.0        1.37  0.06  3.50      6
3  PBR240209C00016500    16.5        0.80  0.58  1.49     48
4  PBR240209C00017000    17.0        0.42  0.31  0.47    234
5  PBR240209C00017500    17.5        0.11  0.09  0.11    981
6  PBR240209C00018000    18.0        0.03  0.01  0.02      1
7  PBR240209C00018500    18.5        0.02  0.00  0.02    306
8  PBR240209C00019000    19.0        0.01  0.00  0.02      1
9  PBR240209C00019500    19.5        0.01  0.00  0.00      1
PBR============== Filtered PUTS for $17.35===================
        Contract Name  Strike  Last Price   Bid   Ask Volume
0  PBR240209P00015000    15.0        0.02  0.00  0.01     22
1  PBR240209P00015500    15.5        0.02  0.00  0.02    221
2  PBR240209P00016000    16.0        0.01  0.00  0.02      1
3  PBR240209P00016500    16.5        0.02  0.00  0.03      9
4  PBR240209P00017000    17.0        0.06  0.05  0.07     92
5  PBR240209P00017500    17.5        0.23  0.21  0.40     44
6  PBR240209P00018000    18.0        0.65  0.04  2.64      2
TSM============== Filtered CALLS for $129.32==================
        Contract Name  Strike  Last Price   Bid   Ask  Volume
0  TSM240209C00125000   125.0        4.15  3.80  4.00     812
1  TSM240209C00126000   126.0        3.65  2.80  3.50     769
2  TSM240209C00127000   127.0        2.76  2.72  2.81    4089
3  TSM240209C00128000   128.0        1.96  1.72  1.77    4166
4  TSM240209C00129000   129.0        1.43  1.43  1.48    1003
5  TSM240209C00130000   130.0        1.00  0.79  0.84     916
6  TSM240209C00131000   131.0        0.65  0.65  0.70     363
7  TSM240209C00133000   133.0        0.26  0.23  0.27     106
8  TSM240209C00135000   135.0        0.14  0.16  0.18     586
TSM============== Filtered PUTS for $129.32===================
        Contract Name  Strike  Last Price   Bid   Ask Volume
0  TSM240209P00123000   123.0        0.05  0.02  0.06    237
1  TSM240209P00124000   124.0        0.09  0.06  0.08    323
2  TSM240209P00125000   125.0        0.19  0.11  0.15    477
3  TSM240209P00127000   127.0        0.37  0.43  0.47    319
4  TSM240209P00129000   129.0        1.38  1.02  1.11     81
5  TSM240209P00131000   131.0        2.88  2.24  2.32     59
BABA============== Filtered CALLS for $71.33==================
         Contract Name  Strike  Last Price   Bid   Ask  Volume
0  BABA240209C00067000    67.0        6.67  4.05  4.25     122
1  BABA240209C00068000    68.0        3.07  3.05  3.20      42
2  BABA240209C00069000    69.0        2.15  2.19  2.47      25
3  BABA240209C00070000    70.0        1.43  1.37  1.49    1380
4  BABA240209C00071000    71.0        0.85  0.81  0.88    1958
5  BABA240209C00072000    72.0        0.46  0.44  0.47    5254
6  BABA240209C00073000    73.0        0.24  0.23  0.24    3392
7  BABA240209C00074000    74.0        0.13  0.12  0.13    3326
8  BABA240209C00075000    75.0        0.07  0.06  0.07    4470
9  BABA240209C00076000    76.0        0.04  0.04  0.05    2473
BABA============== Filtered PUTS for $71.33===================
         Contract Name  Strike  Last Price   Bid   Ask  Volume
0  BABA240209P00067000    67.0        0.02  0.02  0.03     103
1  BABA240209P00068000    68.0        0.06  0.04  0.06     352
2  BABA240209P00069000    69.0        0.13  0.11  0.13    1125
3  BABA240209P00070000    70.0        0.30  0.28  0.31    5758
4  BABA240209P00071000    71.0        0.65  0.64  0.70    1875
5  BABA240209P00072000    72.0        1.28  1.22  1.29    1636
6  BABA240209P00073000    73.0        2.05  2.03  2.12     812
7  BABA240209P00074000    74.0        3.00  2.89  2.99     354
8  BABA240209P00075000    75.0        3.95  3.85  4.00     538
9  BABA240209P00076000    76.0        4.90  4.80  4.95     532
NVO============== Filtered CALLS for $117.89==================
        Contract Name  Strike  Last Price   Bid   Ask Volume
0  NVO240209C00113000   113.0        6.00  4.55  5.25      9
1  NVO240209C00114000   114.0        4.60  3.85  4.30     35
2  NVO240209C00115000   115.0        3.45  2.88  3.10      1
3  NVO240209C00116000   116.0        2.22  1.80  2.14      3
4  NVO240209C00117000   117.0        1.45  1.37  1.67      7
5  NVO240209C00118000   118.0        0.62  0.68  0.84     40
6  NVO240209C00119000   119.0        0.45  0.33  0.44    129
7  NVO240209C00120000   120.0        0.14  0.17  0.22     81
8  NVO240209C00121000   121.0        0.10  0.07  0.11     12
9  NVO240209C00122000   122.0        0.07  0.04  0.08     30
NVO============== Filtered PUTS for $117.89===================
        Contract Name  Strike  Last Price   Bid   Ask Volume
0  NVO240209P00113000   113.0        0.03  0.00  0.03     64
1  NVO240209P00114000   114.0        0.01  0.00  0.20     11
2  NVO240209P00115000   115.0        0.05  0.03  0.07     34
3  NVO240209P00116000   116.0        0.15  0.11  0.17      3
4  NVO240209P00117000   117.0        0.30  0.32  0.45     32
5  NVO240209P00118000   118.0        0.64  0.72  0.89     37
6  NVO240209P00120000   120.0        1.47  2.14  2.39     24
PDD============== Filtered CALLS for $127.90==================
        Contract Name  Strike  Last Price   Bid   Ask Volume
0  PDD240209C00123000   123.0        4.10  4.25  4.50      1
1  PDD240209C00124000   124.0        4.55  3.00  3.60     10
2  PDD240209C00125000   125.0        2.66  2.52  2.78      8
3  PDD240209C00126000   126.0        1.89  1.90  2.16     43
4  PDD240209C00127000   127.0        1.45  1.35  1.59     54
5  PDD240209C00128000   128.0        1.00  0.90  1.03    201
6  PDD240209C00129000   129.0        0.59  0.60  0.71     55
7  PDD240209C00130000   130.0        0.44  0.36  0.44    323
8  PDD240209C00131000   131.0        0.21  0.23  0.29     15
9  PDD240209C00132000   132.0        0.17  0.15  0.18    110
PDD============== Filtered PUTS for $127.90===================
        Contract Name  Strike  Last Price   Bid   Ask Volume
0  PDD240209P00123000   123.0        0.25  0.18  0.22    114
1  PDD240209P00124000   124.0        0.37  0.27  0.45    131
2  PDD240209P00125000   125.0        0.55  0.52  0.61     26
3  PDD240209P00126000   126.0        0.96  0.78  0.95     12
4  PDD240209P00127000   127.0        1.28  1.09  1.33     68
5  PDD240209P00128000   128.0        1.81  1.75  1.92     57
6  PDD240209P00129000   129.0        2.50  2.29  2.57     14
7  PDD240209P00130000   130.0        3.40  2.91  3.35      9
8  PDD240209P00131000   131.0        3.45  3.60  4.20      8
9  PDD240209P00132000   132.0        3.90  4.85  5.15     50
SHEL============== Filtered CALLS for $63.33==================
         Contract Name  Strike  Last Price   Bid   Ask  Volume
0  SHEL240209C00059000    59.0        3.70  4.30  4.50       8
1  SHEL240209C00060000    60.0        3.60  3.30  3.50       1
2  SHEL240209C00061000    61.0        2.36  2.35  2.50       1
3  SHEL240209C00062000    62.0        1.40  1.35  1.50       2
4  SHEL240209C00063000    63.0        0.46  0.50  0.60      44
5  SHEL240209C00064000    64.0        0.15  0.05  0.15       2
6  SHEL240209C00065000    65.0        0.06  0.00  0.15       4
7  SHEL240209C00066000    66.0        0.05  0.00  0.05       1
8  SHEL240209C00067000    67.0        0.04  0.00  0.75       2
9  SHEL240209C00068000    68.0        0.05  0.00  0.05       1
SHEL============== Filtered PUTS for $63.33===================
         Contract Name  Strike  Last Price   Bid   Ask Volume
0  SHEL240209P00059000    59.0        0.10  0.00  0.75     21
1  SHEL240209P00060000    60.0        0.23  0.00  0.75      1
2  SHEL240209P00061000    61.0        0.12  0.00  0.05      5
3  SHEL240209P00062000    62.0        0.09  0.00  0.10      4
4  SHEL240209P00063000    63.0        0.18  0.10  0.20      8
5  SHEL240209P00064000    64.0        0.63  0.60  0.75      1
6  SHEL240209P00065000    65.0        1.64  1.55  1.70      1
7  SHEL240209P00066000    66.0        2.66  2.55  2.70      1
8  SHEL240209P00067000    67.0        5.93  3.50  3.70      0
9  SHEL240209P00068000    68.0        6.70  4.50  4.70      1
SHOP============== Filtered CALLS for $90.37==================
         Contract Name  Strike  Last Price   Bid   Ask  Volume
0  SHOP240209C00086000    86.0        4.45  4.35  4.70    1140
1  SHOP240209C00087000    87.0        3.85  3.55  4.00    1343
2  SHOP240209C00088000    88.0        3.00  2.81  3.15    3056
3  SHOP240209C00089000    89.0        2.60  2.22  2.50    1907
4  SHOP240209C00090000    90.0        2.00  1.96  2.00   18108
5  SHOP240209C00091000    91.0        1.50  1.31  1.36    2909
6  SHOP240209C00092000    92.0        0.93  0.84  0.89    1103
7  SHOP240209C00093000    93.0        0.70  0.68  0.70     614
8  SHOP240209C00094000    94.0        0.59  0.54  0.58     232
9  SHOP240209C00095000    95.0        0.41  0.32  0.35    1071
SHOP============== Filtered PUTS for $90.37===================
         Contract Name  Strike  Last Price   Bid   Ask  Volume
0  SHOP240209P00086000    86.0        0.16  0.15  0.18     505
1  SHOP240209P00087000    87.0        0.30  0.30  0.33     966
2  SHOP240209P00088000    88.0        0.51  0.52  0.54    2108
3  SHOP240209P00089000    89.0        0.82  0.85  0.87     923
4  SHOP240209P00090000    90.0        1.30  1.27  1.33      59
5  SHOP240209P00091000    91.0        1.85  1.85  2.01      13
6  SHOP240209P00093000    93.0        3.80  3.00  3.75       5
7  SHOP240209P00094000    94.0        9.45  4.30  4.85       1
8  SHOP240209P00095000    95.0       10.35  4.50  5.10      35
9  SHOP240209P00096000    96.0       11.35  4.85  6.40      27
SONY============== Filtered CALLS for $96.02==================
         Contract Name  Strike  Last Price   Bid   Ask  Volume
0  SONY240209C00092000    92.0        4.30  3.90  4.60       4
1  SONY240209C00093000    93.0        3.60  3.20  3.70       4
2  SONY240209C00095000    95.0        3.75  1.55  1.70       1
3  SONY240209C00096000    96.0        0.90  0.80  0.95      13
4  SONY240209C00097000    97.0        1.05  0.35  0.45      10
5  SONY240209C00098000    98.0        0.15  0.10  0.20      12
6  SONY240209C00099000    99.0        0.10  0.00  0.10       4
7  SONY240209C00100000   100.0        0.05  0.00  0.15       1
8  SONY240209C00101000   101.0        0.07  0.00  0.15       2
SONY============== Filtered PUTS for $96.02===================
         Contract Name  Strike  Last Price   Bid   Ask Volume
0  SONY240209P00092000    92.0        0.25  0.00  0.15    238
1  SONY240209P00093000    93.0        2.45  0.05  0.10      1
2  SONY240209P00094000    94.0        0.10  0.05  0.15      4
3  SONY240209P00095000    95.0        0.25  0.15  0.25      3
4  SONY240209P00096000    96.0        0.30  0.40  0.60      5
5  SONY240209P00097000    97.0        1.07  1.00  1.10      6
6  SONY240209P00098000    98.0        1.20  1.70  1.90      5
7  SONY240209P00099000    99.0        1.55  2.55  3.00     29
8  SONY240209P00100000   100.0        2.35  3.10  3.80      1
9  SONY240209P00101000   101.0        4.49  4.30  6.20      0
HSBC============== Filtered CALLS for $39.38==================
         Contract Name  Strike  Last Price   Bid   Ask  Volume
0  HSBC240209C00038000    38.0        0.95  0.15  2.60       1
1  HSBC240209C00039000    39.0        1.00  0.10  1.15       1
2  HSBC240209C00040000    40.0        0.21  0.00  0.15       5
3  HSBC240209C00041000    41.0        0.05  0.00  0.05       3
HSBC============== Filtered PUTS for $39.38===================
         Contract Name  Strike  Last Price  Bid   Ask  Volume
0  HSBC240209P00037000    37.0        0.05  0.0  0.25       3
1  HSBC240209P00038000    38.0        0.10  0.0  0.65       4
2  HSBC240209P00039000    39.0        0.10  0.0  0.75       3
3  HSBC240209P00041000    41.0        1.74  0.0  3.70       2
4  HSBC240209P00045000    45.0        4.80  4.0  7.20       5
5  HSBC240209P00047000    47.0        6.80  5.5  9.70       5
AZN============== Filtered CALLS for $61.90==================
        Contract Name  Strike  Last Price   Bid   Ask Volume
0  AZN240209C00060000    60.0        5.94  1.83  2.12     15
1  AZN240209C00064000    64.0        0.08  0.07  0.21    180
2  AZN240209C00065000    65.0        0.09  0.03  0.07     12
3  AZN240209C00066000    66.0        0.03  0.00  0.06     16
4  AZN240209C00067000    67.0        0.01  0.00  0.03     69
5  AZN240209C00068000    68.0        0.01  0.00  0.01      1
AZN============== Filtered PUTS for $61.90===================
        Contract Name  Strike  Last Price   Bid   Ask Volume
0  AZN240209P00058000    58.0        0.07  0.00  0.02      4
1  AZN240209P00059000    59.0        0.06  0.00  0.07     10
2  AZN240209P00060000    60.0        0.07  0.05  0.12      1
3  AZN240209P00061000    61.0        0.36  0.28  0.36     63
4  AZN240209P00062000    62.0        0.75  0.69  0.78    189
5  AZN240209P00063000    63.0        1.41  1.24  1.49     26
6  AZN240209P00064000    64.0        2.15  2.05  2.30     69
7  AZN240209P00065000    65.0        2.20  2.96  3.20     35
8  AZN240209P00066000    66.0        3.25  3.60  4.20   1047
ASML============== Filtered CALLS for $913.66==================
         Contract Name  Strike  Last Price    Bid    Ask Volume
0  ASML240209C00890000   890.0       34.60  26.60  29.20    137
1  ASML240209C00895000   895.0       22.95  22.40  23.30      1
2  ASML240209C00900000   900.0       17.20  18.50  19.30     57
3  ASML240209C00905000   905.0       20.30  14.10  14.80     94
4  ASML240209C00910000   910.0        9.20  10.30  11.00     17
5  ASML240209C00915000   915.0        8.00   7.30   8.20     49
6  ASML240209C00920000   920.0        5.40   4.90   5.50     31
7  ASML240209C00925000   925.0        3.85   3.50   3.80     25
8  ASML240209C00930000   930.0        2.50   2.35   2.75     38
9  ASML240209C00935000   935.0        1.35   1.45   1.85     13
ASML============== Filtered PUTS for $913.66===================
         Contract Name  Strike  Last Price    Bid    Ask Volume
0  ASML240209P00885000   885.0        0.35   0.25   0.45     66
1  ASML240209P00890000   890.0        0.75   0.40   0.65      1
2  ASML240209P00895000   895.0        0.80   0.70   0.95     23
3  ASML240209P00900000   900.0        1.35   1.20   1.50     35
4  ASML240209P00905000   905.0        2.19   1.95   2.40     33
5  ASML240209P00950000   950.0       52.60  31.20  34.70     11
6  ASML240209P00970000   970.0       84.60  50.90  54.40      0
7  ASML240209P00980000   980.0       88.50  61.20  65.70      1
=================== Sorted Result =======================
 PBR 26.6
 SHOP 16.1
 BABA 11.1
 PDD 6.6
 AZN 6.0
 TSM 5.6
 SONY 4.9
 BUD 4.1
 NVO 4.1
 SHEL 3.1
 ASML 0.6
 HSBC 0.0
 ======== Notification =============
PBR26.6,SHOP16.1,BABA11.1,PDD6.6,AZN6.0,TSM5.6,SONY4.9,BUD4.1,NVO4.1,SHEL3.1,ASML0.6,
85
SMS sent successfully to 8326897908
SMS sent successfully to 7635875117
SMS sent successfully to 8327823690
SMS sent successfully to 2818182512
