WDAY============== Filtered CALLS for $306.18==================
         Contract Name  Strike  Last Price    Bid    Ask  Volume
0  WDAY240209C00295000   295.0       12.73  11.00  13.85      46
1  WDAY240209C00297500   297.5        9.90   8.90  10.60      58
2  WDAY240209C00300000   300.0        7.50   6.05   8.25     527
3  WDAY240209C00302500   302.5        5.25   3.75   5.60     169
4  WDAY240209C00305000   305.0        3.10   1.50   3.30     896
5  WDAY240209C00307500   307.5        0.30   0.25   0.37     145
6  WDAY240209C00310000   310.0        0.09   0.03   0.08     144
7  WDAY240209C00315000   315.0        0.03   0.00   0.01       8
8  WDAY240209C00320000   320.0        0.02   0.00   0.05       2
9  WDAY240209C00335000   335.0        0.05   0.00   0.05       5
WDAY============== Filtered PUTS for $306.18===================
         Contract Name  Strike  Last Price    Bid    Ask  Volume
0  WDAY240209P00290000   290.0        0.03   0.00   0.05      22
1  WDAY240209P00292500   292.5        0.03   0.00   0.04       8
2  WDAY240209P00295000   295.0        0.03   0.00   0.02      43
3  WDAY240209P00297500   297.5        0.04   0.00   0.05      37
4  WDAY240209P00300000   300.0        0.05   0.00   0.06      45
5  WDAY240209P00320000   320.0       29.50  11.25  13.50       2
BUD============== Filtered CALLS for $64.54==================
        Contract Name  Strike  Last Price   Bid   Ask Volume
0  BUD240209C00060000    60.0        4.73  4.30  4.80      3
1  BUD240209C00061000    61.0        4.75  2.40  3.70      2
2  BUD240209C00062000    62.0        2.54  2.45  2.70      6
3  BUD240209C00063000    63.0        1.67  0.85  1.65      9
4  BUD240209C00064000    64.0        0.64  0.45  0.60      6
5  BUD240209C00065000    65.0        0.09  0.00  0.05     17
6  BUD240209C00066000    66.0        0.10  0.00  0.05     10
7  BUD240209C00067000    67.0        0.04  0.00  0.05     23
8  BUD240209C00068000    68.0        0.10  0.00  0.30      5
9  BUD240209C00069000    69.0        0.03  0.00  0.05    113
BUD============== Filtered PUTS for $64.54===================
        Contract Name  Strike  Last Price  Bid   Ask Volume
0  BUD240209P00060000    60.0        0.05  0.0  0.05      5
1  BUD240209P00061000    61.0        0.05  0.0  0.15      1
2  BUD240209P00062000    62.0        0.02  0.0  0.75      6
3  BUD240209P00063000    63.0        0.06  0.0  0.05     60
4  BUD240209P00064000    64.0        0.05  0.0  0.05      1
5  BUD240209P00065000    65.0        0.45  0.4  0.70    119
GOLD============== Filtered CALLS for $14.69==================
         Contract Name  Strike  Last Price   Bid   Ask Volume
0  GOLD240209C00012000    12.0        2.86  2.64  2.70      5
1  GOLD240209C00013000    13.0        2.01  1.64  1.71      4
2  GOLD240209C00013500    13.5        1.45  1.14  1.20      1
3  GOLD240209C00014000    14.0        0.70  0.65  0.71      3
4  GOLD240209C00014500    14.5        0.20  0.15  0.19    137
5  GOLD240209C00015000    15.0        0.01  0.00  0.01    251
6  GOLD240209C00015500    15.5        0.01  0.00  0.01      7
7  GOLD240209C00016000    16.0        0.01  0.00  0.01     26
8  GOLD240209C00016500    16.5        0.01  0.00  0.01      2
9  GOLD240209C00017000    17.0        0.01  0.00  0.02     31
GOLD============== Filtered PUTS for $14.69===================
         Contract Name  Strike  Last Price   Bid   Ask Volume
0  GOLD240209P00013500    13.5        0.03  0.00  0.02    256
1  GOLD240209P00014000    14.0        0.02  0.00  0.01      1
2  GOLD240209P00014500    14.5        0.02  0.00  0.01    188
3  GOLD240209P00015000    15.0        0.34  0.32  0.34    467
4  GOLD240209P00015500    15.5        0.82  0.81  0.85    196
5  GOLD240209P00016000    16.0        1.26  1.30  1.35    441
6  GOLD240209P00016500    16.5        1.83  1.81  1.85     11
7  GOLD240209P00017000    17.0        2.12  2.30  2.37      5
WPM============== Filtered CALLS for $45.53==================
        Contract Name  Strike  Last Price   Bid   Ask Volume
0  WPM240209C00042000    42.0        4.20  3.40  3.60      2
1  WPM240209C00045000    45.0        3.40  0.35  0.60     12
2  WPM240209C00046000    46.0        0.03  0.00  0.05     25
3  WPM240209C00047000    47.0        0.05  0.00  0.05      1
4  WPM240209C00048000    48.0        0.03  0.00  0.05      2
5  WPM240209C00049000    49.0        0.04  0.00  0.00      3
6  WPM240209C00050000    50.0        0.04  0.00  0.05      5
WPM============== Filtered PUTS for $45.53===================
        Contract Name  Strike  Last Price   Bid   Ask Volume
0  WPM240209P00042000    42.0        0.10  0.00  0.05      1
1  WPM240209P00043000    43.0        0.05  0.00  0.10      1
2  WPM240209P00044000    44.0        0.03  0.00  0.40      1
3  WPM240209P00045000    45.0        0.05  0.00  0.05     25
4  WPM240209P00046000    46.0        0.44  0.45  0.60     42
5  WPM240209P00047000    47.0        1.52  1.40  1.60     24
6  WPM240209P00048000    48.0        2.70  2.40  2.60      7
7  WPM240209P00049000    49.0        1.75  3.40  3.60      4
8  WPM240209P00050000    50.0        3.00  2.65  4.10      1
GSK============== Filtered CALLS for $41.93==================
        Contract Name  Strike  Last Price   Bid   Ask  Volume
0  GSK240209C00038500    38.5        1.65  2.75  5.40       4
1  GSK240209C00039000    39.0        2.86  2.20  3.90       4
2  GSK240209C00039500    39.5        1.99  2.10  4.40       5
3  GSK240209C00040000    40.0        1.93  1.75  2.05      18
4  GSK240209C00041000    41.0        0.95  0.85  1.05      35
5  GSK240209C00042000    42.0        0.04  0.00  0.10      14
6  GSK240209C00043000    43.0        0.07  0.00  0.05       1
7  GSK240209C00044000    44.0        0.09  0.00  0.05       1
GSK============== Filtered PUTS for $41.93===================
        Contract Name  Strike  Last Price   Bid   Ask Volume
0  GSK240209P00038000    38.0        0.02  0.00  1.65      3
1  GSK240209P00039000    39.0        0.10  0.00  1.25      1
2  GSK240209P00039500    39.5        0.35  0.00  0.35      5
3  GSK240209P00040000    40.0        0.07  0.00  0.75     66
4  GSK240209P00041000    41.0        0.05  0.00  0.05      1
5  GSK240209P00042000    42.0        0.20  0.05  0.15      8
DB============== Filtered CALLS for $12.53==================
       Contract Name  Strike  Last Price   Bid   Ask  Volume
0  DB240209C00012500    12.5        0.13  0.05  0.10       1
1  DB240209C00013000    13.0        0.18  0.00  0.10       3
2  DB240209C00013500    13.5        0.05  0.00  0.05      25
3  DB240209C00014000    14.0        0.01  0.00  0.00       1
DB============== Filtered PUTS for $12.53===================
       Contract Name  Strike  Last Price   Bid   Ask Volume
0  DB240209P00012000    12.0        0.05  0.00  0.10     60
1  DB240209P00012500    12.5        0.05  0.05  0.10     21
2  DB240209P00013000    13.0        0.45  0.40  0.55     16
3  DB240209P00013500    13.5        1.00  0.95  1.05     13
4  DB240209P00014000    14.0        0.40  1.45  1.65      0
PBR============== Filtered CALLS for $17.17==================
        Contract Name  Strike  Last Price   Bid   Ask Volume
0  PBR240209C00015000    15.0        2.37  2.00  2.32    100
1  PBR240209C00015500    15.5        1.92  1.57  1.93      1
2  PBR240209C00016000    16.0        1.22  1.09  1.48     25
3  PBR240209C00016500    16.5        0.73  0.65  0.80    322
4  PBR240209C00017000    17.0        0.20  0.20  0.36    812
5  PBR240209C00017500    17.5        0.01  0.00  0.02    217
6  PBR240209C00018000    18.0        0.01  0.00  0.01      7
7  PBR240209C00018500    18.5        0.02  0.00  0.02    306
8  PBR240209C00019000    19.0        0.01  0.00  0.01      1
9  PBR240209C00019500    19.5        0.01  0.00  0.02      1
PBR============== Filtered PUTS for $17.17===================
        Contract Name  Strike  Last Price   Bid   Ask Volume
0  PBR240209P00015000    15.0        0.02  0.00  0.16     22
1  PBR240209P00015500    15.5        0.02  0.00  0.02    221
2  PBR240209P00016000    16.0        0.01  0.00  0.05      1
3  PBR240209P00016500    16.5        0.03  0.00  0.01     15
4  PBR240209P00017000    17.0        0.01  0.00  0.01    147
5  PBR240209P00017500    17.5        0.28  0.31  0.48     86
6  PBR240209P00018000    18.0        0.77  0.76  0.92    105
CPNG============== Filtered CALLS for $14.44==================
         Contract Name  Strike  Last Price   Bid   Ask Volume
0  CPNG240209C00012000    12.0        1.95  2.35  2.49     50
1  CPNG240209C00012500    12.5        2.41  1.79  1.97     15
2  CPNG240209C00013000    13.0        1.48  1.41  1.49      1
3  CPNG240209C00013500    13.5        0.85  0.79  1.01      1
4  CPNG240209C00014000    14.0        0.42  0.42  0.48     46
5  CPNG240209C00014500    14.5        0.05  0.01  0.03     45
6  CPNG240209C00015000    15.0        0.01  0.00  0.03      1
7  CPNG240209C00015500    15.5        0.02  0.00  0.03      1
8  CPNG240209C00016000    16.0        0.02  0.00  0.03      1
9  CPNG240209C00016500    16.5        0.02  0.00  0.01      1
CPNG============== Filtered PUTS for $14.44===================
         Contract Name  Strike  Last Price   Bid   Ask  Volume
0  CPNG240209P00013000    13.0        0.03  0.00  0.01      81
1  CPNG240209P00013500    13.5        0.02  0.00  0.03       3
2  CPNG240209P00014000    14.0        0.03  0.00  0.03       1
3  CPNG240209P00014500    14.5        0.02  0.05  0.08      27
4  CPNG240209P00015000    15.0        0.68  0.50  0.62       7
5  CPNG240209P00015500    15.5        1.13  1.02  1.19       1
6  CPNG240209P00016000    16.0        1.73  1.50  1.55       8
7  CPNG240209P00016500    16.5        2.11  2.02  2.28       1
NTR============== Filtered CALLS for $49.04==================
        Contract Name  Strike  Last Price  Bid   Ask Volume
0  NTR240209C00044000    44.0        5.00  5.0  5.30      0
1  NTR240209C00045000    45.0        3.94  4.0  4.20      2
2  NTR240209C00047000    47.0        1.72  2.1  2.20     20
3  NTR240209C00049000    49.0        0.30  0.1  0.20      6
4  NTR240209C00050000    50.0        0.03  0.0  0.05     40
5  NTR240209C00051000    51.0        0.03  0.0  0.05     12
6  NTR240209C00052000    52.0        0.03  0.0  0.05     13
7  NTR240209C00053000    53.0        0.03  0.0  0.05      5
8  NTR240209C00054000    54.0        0.04  0.0  0.05      7
NTR============== Filtered PUTS for $49.04===================
        Contract Name  Strike  Last Price   Bid   Ask Volume
0  NTR240209P00045000    45.0        0.03  0.00  0.05     70
1  NTR240209P00046000    46.0        0.03  0.00  0.05     10
2  NTR240209P00047000    47.0        0.05  0.00  0.05     10
3  NTR240209P00048000    48.0        0.03  0.00  0.05     30
4  NTR240209P00049000    49.0        0.06  0.05  0.10     43
5  NTR240209P00050000    50.0        0.84  0.85  1.00     37
6  NTR240209P00051000    51.0        1.90  1.85  1.95      2
7  NTR240209P00052000    52.0        3.00  2.60  2.95      7
8  NTR240209P00053000    53.0        3.35  3.80  3.90      1
9  NTR240209P00054000    54.0        4.20  4.80  5.00      6
TECK============== Filtered CALLS for $36.90==================
         Contract Name  Strike  Last Price   Bid   Ask Volume
0  TECK240209C00034000    34.0        2.73  2.67  2.99      1
1  TECK240209C00038000    38.0        0.25  0.00  0.10      2
2  TECK240209C00038500    38.5        0.39  0.00  0.29      2
3  TECK240209C00039000    39.0        0.20  0.00  0.08      4
4  TECK240209C00039500    39.5        0.36  0.00  0.16     21
5  TECK240209C00040000    40.0        0.10  0.00  0.15      3
TECK============== Filtered PUTS for $36.90===================
         Contract Name  Strike  Last Price   Bid   Ask Volume
0  TECK240209P00034000    34.0        0.31  0.00  0.17      2
1  TECK240209P00035000    35.0        0.03  0.00  0.16      1
2  TECK240209P00035500    35.5        0.04  0.00  0.08      3
3  TECK240209P00036000    36.0        0.05  0.00  0.22      7
4  TECK240209P00036500    36.5        0.05  0.00  0.05      8
5  TECK240209P00037000    37.0        0.13  0.02  0.42      5
6  TECK240209P00037500    37.5        0.67  0.54  0.72     15
7  TECK240209P00038000    38.0        1.04  1.05  1.33      5
8  TECK240209P00038500    38.5        0.44  1.53  1.76     19
9  TECK240209P00039000    39.0        0.81  2.01  2.29      3
TSM============== Filtered CALLS for $133.31==================
        Contract Name  Strike  Last Price   Bid   Ask  Volume
0  TSM240209C00128000   128.0        5.90  5.30  5.50     170
1  TSM240209C00129000   129.0        4.60  4.25  4.50      94
2  TSM240209C00130000   130.0        3.35  3.35  3.50     836
3  TSM240209C00131000   131.0        2.75  2.24  2.48    1418
4  TSM240209C00133000   133.0        0.53  0.55  0.55   10065
5  TSM240209C00135000   135.0        0.01  0.02  0.03    9118
TSM============== Filtered PUTS for $133.31===================
        Contract Name  Strike  Last Price  Bid   Ask Volume
0  TSM240209P00124000   124.0        0.01  0.0  0.01    121
1  TSM240209P00125000   125.0        0.01  0.0  0.01    354
2  TSM240209P00127000   127.0        0.02  0.0  0.01    205
3  TSM240209P00129000   129.0        0.01  0.0  0.01    762
4  TSM240209P00131000   131.0        0.01  0.0  0.01   3332
BABA============== Filtered CALLS for $71.75==================
         Contract Name  Strike  Last Price   Bid   Ask  Volume
0  BABA240209C00067000    67.0        4.20  4.60  4.85      32
1  BABA240209C00068000    68.0        3.55  3.55  3.75      83
2  BABA240209C00069000    69.0        2.75  2.60  2.70     216
3  BABA240209C00070000    70.0        1.67  1.63  1.71    4484
4  BABA240209C00071000    71.0        0.67  0.62  0.72   17627
5  BABA240209C00072000    72.0        0.03  0.03  0.04   18469
6  BABA240209C00073000    73.0        0.01  0.01  0.02    4984
7  BABA240209C00074000    74.0        0.01  0.01  0.02    2166
8  BABA240209C00075000    75.0        0.01  0.00  0.01    1298
9  BABA240209C00076000    76.0        0.01  0.00  0.01     386
BABA============== Filtered PUTS for $71.75===================
         Contract Name  Strike  Last Price   Bid   Ask  Volume
0  BABA240209P00067000    67.0        0.01  0.00  0.01     543
1  BABA240209P00068000    68.0        0.01  0.00  0.01    1084
2  BABA240209P00069000    69.0        0.01  0.00  0.01    1491
3  BABA240209P00070000    70.0        0.01  0.01  0.02    8719
4  BABA240209P00071000    71.0        0.02  0.02  0.03    3721
5  BABA240209P00072000    72.0        0.37  0.33  0.41    1581
6  BABA240209P00073000    73.0        1.29  1.32  1.43     888
7  BABA240209P00074000    74.0        2.32  2.31  2.43     636
8  BABA240209P00075000    75.0        3.27  3.30  3.45     574
9  BABA240209P00076000    76.0        4.28  4.30  4.40     419
VALE============== Filtered CALLS for $13.26==================
         Contract Name  Strike  Last Price   Bid   Ask Volume
0  VALE240209C00010000    10.0        3.10  3.20  3.35      6
1  VALE240209C00011000    11.0        3.85  2.20  2.36      0
2  VALE240209C00012000    12.0        2.12  1.06  1.39      2
3  VALE240209C00012500    12.5        0.94  0.72  0.82      1
4  VALE240209C00013000    13.0        0.23  0.24  0.30     71
5  VALE240209C00013500    13.5        0.01  0.00  0.01     54
6  VALE240209C00014000    14.0        0.01  0.00  0.01     10
7  VALE240209C00014500    14.5        0.01  0.00  0.01      6
8  VALE240209C00015000    15.0        0.01  0.00  0.01      2
9  VALE240209C00015500    15.5        0.01  0.00  0.01      4
VALE============== Filtered PUTS for $13.26===================
         Contract Name  Strike  Last Price   Bid   Ask Volume
0  VALE240209P00011500    11.5        0.01  0.00  0.75      0
1  VALE240209P00012000    12.0        0.01  0.00  0.75    150
2  VALE240209P00012500    12.5        0.01  0.00  0.04      1
3  VALE240209P00013000    13.0        0.01  0.00  0.01      9
4  VALE240209P00013500    13.5        0.22  0.20  0.39    173
5  VALE240209P00014000    14.0        0.74  0.72  0.77    183
6  VALE240209P00014500    14.5        1.28  1.20  1.42     63
7  VALE240209P00015000    15.0        1.58  1.64  1.78      2
8  VALE240209P00015500    15.5        2.11  2.16  2.28      1
MRVL============== Filtered CALLS for $69.25==================
         Contract Name  Strike  Last Price   Bid   Ask Volume
0  MRVL240209C00065000    65.0        3.80  3.85  5.00     33
1  MRVL240209C00066000    66.0        3.00  2.70  2.99    121
2  MRVL240209C00067000    67.0        2.10  1.64  2.31    646
3  MRVL240209C00068000    68.0        0.95  0.81  1.01   1586
4  MRVL240209C00069000    69.0        0.16  0.13  0.13   7392
5  MRVL240209C00070000    70.0        0.02  0.02  0.03  11927
6  MRVL240209C00071000    71.0        0.02  0.01  0.02    489
7  MRVL240209C00072000    72.0        0.01  0.00  0.01    496
8  MRVL240209C00073000    73.0        0.01  0.00  0.01     97
9  MRVL240209C00074000    74.0        0.01  0.00  0.01     47
MRVL============== Filtered PUTS for $69.25===================
         Contract Name  Strike  Last Price   Bid   Ask Volume
0  MRVL240209P00065000    65.0        0.02  0.00  0.16    117
1  MRVL240209P00066000    66.0        0.01  0.00  0.01    975
2  MRVL240209P00067000    67.0        0.01  0.00  0.01   1052
3  MRVL240209P00068000    68.0        0.01  0.00  0.01    780
4  MRVL240209P00069000    69.0        0.27  0.25  0.27    989
5  MRVL240209P00070000    70.0        0.98  0.99  1.23    233
6  MRVL240209P00071000    71.0        2.01  1.97  2.17    108
7  MRVL240209P00072000    72.0        2.95  2.97  3.15     47
8  MRVL240209P00073000    73.0        4.35  3.55  4.20     16
9  MRVL240209P00074000    74.0        6.07  4.85  5.25      3
NVO============== Filtered CALLS for $121.24==================
        Contract Name  Strike  Last Price   Bid   Ask Volume
0  NVO240209C00117000   117.0        4.31  3.65  4.35     65
1  NVO240209C00118000   118.0        3.31  3.20  3.35    198
2  NVO240209C00119000   119.0        2.28  2.00  2.39    372
3  NVO240209C00120000   120.0        1.25  1.15  1.39    789
4  NVO240209C00121000   121.0        0.32  0.27  0.35    522
5  NVO240209C00122000   122.0        0.01  0.00  0.03    536
6  NVO240209C00123000   123.0        0.01  0.00  0.01     12
7  NVO240209C00124000   124.0        0.01  0.00  0.13      1
8  NVO240209C00125000   125.0        0.03  0.00  0.01     11
9  NVO240209C00126000   126.0        0.01  0.00  0.16     11
NVO============== Filtered PUTS for $121.24===================
        Contract Name  Strike  Last Price  Bid   Ask Volume
0  NVO240209P00115000   115.0        0.04  0.0  0.85      4
1  NVO240209P00116000   116.0        0.14  0.0  0.01     19
2  NVO240209P00117000   117.0        0.01  0.0  0.14     17
3  NVO240209P00118000   118.0        0.02  0.0  0.03     78
4  NVO240209P00120000   120.0        0.21  0.0  0.15    158
BEKE============== Filtered CALLS for $13.36==================
         Contract Name  Strike  Last Price   Bid   Ask Volume
0  BEKE240209C00012500    12.5        0.89  0.82  0.91     10
1  BEKE240209C00013000    13.0        0.39  0.28  0.40      6
2  BEKE240209C00013500    13.5        0.39  0.00  0.03      8
3  BEKE240209C00014000    14.0        0.02  0.00  0.03      2
4  BEKE240209C00014500    14.5        0.02  0.00  0.12    100
5  BEKE240209C00015000    15.0        0.01  0.00  0.15     18
6  BEKE240209C00015500    15.5        0.02  0.00  0.15    100
BEKE============== Filtered PUTS for $13.36===================
         Contract Name  Strike  Last Price   Bid   Ask  Volume
0  BEKE240209P00012000    12.0        0.03  0.00  0.16      10
1  BEKE240209P00012500    12.5        0.01  0.00  0.02      12
2  BEKE240209P00013000    13.0        0.03  0.00  0.03      20
3  BEKE240209P00013500    13.5        0.16  0.15  0.18     100
4  BEKE240209P00014000    14.0        0.62  0.60  0.71      11
5  BEKE240209P00014500    14.5        1.20  1.11  1.19      32
6  BEKE240209P00015000    15.0        1.78  1.59  1.82      10
7  BEKE240209P00016000    16.0        1.05  2.02  2.36       1
APO============== Filtered CALLS for $109.98==================
        Contract Name  Strike  Last Price   Bid   Ask  Volume
0  APO240209C00105000   105.0        3.38  4.40  5.30      21
1  APO240209C00106000   106.0        2.55  3.40  4.30      54
2  APO240209C00107000   107.0        2.65  2.20  3.10      31
3  APO240209C00108000   108.0        0.65  0.75  2.05       3
4  APO240209C00109000   109.0        0.82  0.55  0.75       3
5  APO240209C00110000   110.0        0.08  0.00  0.15       6
6  APO240209C00112000   112.0        0.05  0.00  0.85       4
7  APO240209C00113000   113.0        0.05  0.00  0.05      12
8  APO240209C00115000   115.0        0.05  0.00  0.05      10
9  APO240209C00120000   120.0        0.65  0.00  0.35       2
APO============== Filtered PUTS for $109.98===================
        Contract Name  Strike  Last Price  Bid   Ask Volume
0  APO240209P00100000   100.0        0.04  0.0  0.75     61
1  APO240209P00101000   101.0        0.07  0.0  0.25     30
2  APO240209P00102000   102.0        0.17  0.0  0.05     10
3  APO240209P00103000   103.0        0.05  0.0  0.05      2
4  APO240209P00104000   104.0        0.10  0.0  0.10     14
DASH============== Filtered CALLS for $119.30==================
         Contract Name  Strike  Last Price   Bid   Ask  Volume
0  DASH240209C00115000   115.0        4.28  3.70  4.40     170
1  DASH240209C00116000   116.0        3.13  2.81  3.50     102
2  DASH240209C00117000   117.0        2.35  1.82  2.45      26
3  DASH240209C00118000   118.0        1.16  1.04  1.29      78
4  DASH240209C00119000   119.0        0.27  0.27  0.34     122
5  DASH240209C00120000   120.0        0.02  0.02  0.04     124
6  DASH240209C00121000   121.0        0.06  0.00  0.04      15
7  DASH240209C00125000   125.0        0.05  0.00  0.10      73
DASH============== Filtered PUTS for $119.30===================
         Contract Name  Strike  Last Price   Bid   Ask Volume
0  DASH240209P00109000   109.0        0.01  0.00  0.50      1
1  DASH240209P00110000   110.0        0.01  0.00  0.01      8
2  DASH240209P00111000   111.0        0.01  0.00  0.11     30
3  DASH240209P00112000   112.0        0.04  0.00  0.12     14
4  DASH240209P00115000   115.0        0.03  0.01  0.02     13
5  DASH240209P00120000   120.0        1.13  0.61  1.50     61
PDD============== Filtered CALLS for $127.60==================
        Contract Name  Strike  Last Price   Bid   Ask Volume
0  PDD240209C00123000   123.0        3.10  4.35  4.70      1
1  PDD240209C00124000   124.0        2.48  3.35  3.65      2
2  PDD240209C00125000   125.0        2.53  2.31  3.00    177
3  PDD240209C00126000   126.0        1.43  1.36  1.52    286
4  PDD240209C00127000   127.0        0.60  0.35  0.61    637
5  PDD240209C00128000   128.0        0.05  0.04  0.08    583
6  PDD240209C00129000   129.0        0.02  0.00  0.04    109
7  PDD240209C00130000   130.0        0.02  0.00  0.03    136
8  PDD240209C00131000   131.0        0.01  0.00  0.02     61
9  PDD240209C00132000   132.0        0.02  0.00  0.01    104
PDD============== Filtered PUTS for $127.60===================
        Contract Name  Strike  Last Price   Bid   Ask Volume
0  PDD240209P00123000   123.0        0.01  0.00  0.08    178
1  PDD240209P00124000   124.0        0.03  0.00  0.05     78
2  PDD240209P00125000   125.0        0.01  0.00  0.01    641
3  PDD240209P00126000   126.0        0.01  0.00  0.01    381
4  PDD240209P00127000   127.0        0.06  0.04  0.07    254
5  PDD240209P00128000   128.0        0.51  0.47  0.70    119
6  PDD240209P00129000   129.0        1.53  1.36  1.68     15
7  PDD240209P00130000   130.0        2.90  2.27  2.81    132
8  PDD240209P00131000   131.0        5.00  3.25  4.85      2
9  PDD240209P00132000   132.0        4.35  4.35  5.00     17
CCJ============== Filtered CALLS for $44.15==================
        Contract Name  Strike  Last Price   Bid   Ask  Volume
0  CCJ240209C00042000    42.0        2.37  2.06  2.22       9
1  CCJ240209C00042500    42.5        1.14  1.41  1.69       2
2  CCJ240209C00043000    43.0        0.95  1.10  1.30      54
3  CCJ240209C00043500    43.5        0.80  0.45  0.68     162
4  CCJ240209C00044000    44.0        0.26  0.26  0.29     657
5  CCJ240209C00044500    44.5        0.07  0.07  0.09     529
6  CCJ240209C00045000    45.0        0.04  0.02  0.05     950
7  CCJ240209C00045500    45.5        0.02  0.01  0.03     612
8  CCJ240209C00046000    46.0        0.01  0.01  0.03     366
9  CCJ240209C00046500    46.5        0.01  0.00  0.03      15
CCJ============== Filtered PUTS for $44.15===================
        Contract Name  Strike  Last Price   Bid   Ask Volume
0  CCJ240209P00042000    42.0        0.01  0.01  0.02   3083
1  CCJ240209P00042500    42.5        0.01  0.01  0.04    214
2  CCJ240209P00043000    43.0        0.06  0.02  0.05    101
3  CCJ240209P00043500    43.5        0.06  0.04  0.07     38
4  CCJ240209P00044000    44.0        0.15  0.14  0.18    953
5  CCJ240209P00044500    44.5        0.42  0.44  0.52    164
6  CCJ240209P00045000    45.0        0.84  0.88  0.97    325
7  CCJ240209P00045500    45.5        1.28  1.29  1.47    168
8  CCJ240209P00046000    46.0        1.78  1.73  1.93    338
9  CCJ240209P00046500    46.5        2.10  2.32  2.43     58
DOCU============== Filtered CALLS for $51.38==================
         Contract Name  Strike  Last Price    Bid    Ask Volume
0  DOCU240209C00035000    35.0       30.00  16.00  16.75      0
1  DOCU240209C00045000    45.0        8.72   5.90   6.50     32
2  DOCU240209C00046000    46.0       14.09   4.95   5.65      1
3  DOCU240209C00050000    50.0        1.35   1.17   1.48     26
4  DOCU240209C00051000    51.0        0.28   0.26   0.62     74
5  DOCU240209C00052000    52.0        0.01   0.01   0.03    529
6  DOCU240209C00053000    53.0        0.01   0.00   0.02    121
7  DOCU240209C00054000    54.0        0.02   0.00   0.01     73
8  DOCU240209C00055000    55.0        0.02   0.00   0.05     19
9  DOCU240209C00056000    56.0        0.18   0.00   0.02     38
DOCU============== Filtered PUTS for $51.38===================
         Contract Name  Strike  Last Price   Bid   Ask Volume
0  DOCU240209P00047000    47.0        0.01  0.00  0.18      4
1  DOCU240209P00048000    48.0        0.02  0.00  0.10     13
2  DOCU240209P00049000    49.0        0.02  0.01  0.03      3
3  DOCU240209P00050000    50.0        0.01  0.00  0.01     37
4  DOCU240209P00051000    51.0        0.05  0.03  0.07    379
5  DOCU240209P00052000    52.0        0.46  0.52  0.89     32
6  DOCU240209P00053000    53.0        1.42  1.51  1.97     67
7  DOCU240209P00054000    54.0        2.44  2.55  2.90     24
8  DOCU240209P00055000    55.0        3.80  3.50  3.90      5
9  DOCU240209P00056000    56.0        4.82  4.20  4.85     26
DELL============== Filtered CALLS for $86.43==================
         Contract Name  Strike  Last Price   Bid   Ask  Volume
0  DELL240209C00082000    82.0        2.63  4.30  4.50      39
1  DELL240209C00083000    83.0        3.16  3.20  3.50      13
2  DELL240209C00084000    84.0        2.35  2.30  2.45     106
3  DELL240209C00085000    85.0        1.40  1.25  1.50     330
4  DELL240209C00086000    86.0        0.56  0.30  0.50     186
5  DELL240209C00087000    87.0        0.05  0.00  0.05     605
6  DELL240209C00088000    88.0        0.05  0.00  0.05       3
7  DELL240209C00089000    89.0        0.06  0.00  0.75       6
8  DELL240209C00090000    90.0        0.05  0.00  0.05      11
9  DELL240209C00091000    91.0        0.08  0.00  0.75       2
DELL============== Filtered PUTS for $86.43===================
         Contract Name  Strike  Last Price   Bid   Ask  Volume
0  DELL240209P00082000    82.0        0.05  0.00  0.10      51
1  DELL240209P00083000    83.0        0.05  0.00  0.10       4
2  DELL240209P00084000    84.0        0.08  0.00  0.10      54
3  DELL240209P00085000    85.0        0.03  0.00  0.05     101
4  DELL240209P00086000    86.0        0.08  0.00  0.10     255
5  DELL240209P00087000    87.0        1.05  0.55  0.75      80
6  DELL240209P00088000    88.0        2.15  1.55  1.70      74
7  DELL240209P00089000    89.0        4.28  2.55  2.80       1
8  DELL240209P00090000    90.0        6.50  3.50  3.70       3
LI============== Filtered CALLS for $30.65==================
       Contract Name  Strike  Last Price   Bid   Ask Volume
0  LI240209C00028500    28.5        2.35  2.15  2.51     20
1  LI240209C00029000    29.0        1.70  1.63  1.81     26
2  LI240209C00029500    29.5        1.33  1.09  1.45     30
3  LI240209C00030000    30.0        0.70  0.63  0.77     32
4  LI240209C00030500    30.5        0.20  0.16  0.22    513
5  LI240209C00031000    31.0        0.01  0.01  0.03    609
6  LI240209C00031500    31.5        0.01  0.00  0.01    166
7  LI240209C00032000    32.0        0.01  0.00  0.01     16
8  LI240209C00032500    32.5        0.01  0.00  0.01     20
9  LI240209C00033000    33.0        0.07  0.00  0.02      2
LI============== Filtered PUTS for $30.65===================
       Contract Name  Strike  Last Price   Bid   Ask Volume
0  LI240209P00028500    28.5        0.03  0.00  0.07     21
1  LI240209P00029000    29.0        0.05  0.00  0.01      5
2  LI240209P00029500    29.5        0.01  0.00  0.75     58
3  LI240209P00030000    30.0        0.01  0.00  0.02     89
4  LI240209P00030500    30.5        0.05  0.01  0.04     96
5  LI240209P00031000    31.0        0.34  0.31  0.44     41
6  LI240209P00031500    31.5        0.80  0.65  0.92      1
7  LI240209P00032000    32.0        2.05  1.19  1.52      4
8  LI240209P00032500    32.5        2.01  1.55  1.99      1
9  LI240209P00033000    33.0        2.19  2.22  2.42      2
JD============== Filtered CALLS for $22.26==================
       Contract Name  Strike  Last Price   Bid   Ask Volume
0  JD240209C00020000    20.0        2.28  2.22  2.28     11
1  JD240209C00020500    20.5        1.46  1.63  1.81     91
2  JD240209C00021000    21.0        1.28  1.16  1.28    165
3  JD240209C00021500    21.5        0.79  0.66  0.78    224
4  JD240209C00022000    22.0        0.26  0.22  0.26   5096
5  JD240209C00022500    22.5        0.01  0.01  0.02   1714
6  JD240209C00023000    23.0        0.01  0.00  0.01    412
7  JD240209C00023500    23.5        0.01  0.00  0.01    188
8  JD240209C00024000    24.0        0.01  0.00  0.01    150
9  JD240209C00024500    24.5        0.01  0.00  0.01     42
JD============== Filtered PUTS for $22.26===================
       Contract Name  Strike  Last Price   Bid   Ask Volume
0  JD240209P00020000    20.0        0.01  0.00  0.01      3
1  JD240209P00020500    20.5        0.02  0.00  0.03     41
2  JD240209P00021000    21.0        0.02  0.00  0.03     18
3  JD240209P00021500    21.5        0.01  0.00  0.02     76
4  JD240209P00022000    22.0        0.01  0.00  0.01   2289
5  JD240209P00022500    22.5        0.26  0.24  0.30    132
6  JD240209P00023000    23.0        0.66  0.73  0.79    369
7  JD240209P00023500    23.5        1.22  1.10  1.29     24
8  JD240209P00024000    24.0        1.59  1.71  1.79    124
9  JD240209P00024500    24.5        2.12  2.16  2.41      5
BIDU============== Filtered CALLS for $105.08==================
         Contract Name  Strike  Last Price   Bid   Ask Volume
0  BIDU240209C00101000   101.0        3.90  3.85  4.25     96
1  BIDU240209C00102000   102.0        3.40  2.72  3.25     80
2  BIDU240209C00103000   103.0        1.95  1.83  2.00     97
3  BIDU240209C00104000   104.0        1.21  0.88  1.06    937
4  BIDU240209C00105000   105.0        0.21  0.20  0.25    763
5  BIDU240209C00106000   106.0        0.03  0.02  0.06    578
6  BIDU240209C00107000   107.0        0.01  0.01  0.02    138
7  BIDU240209C00108000   108.0        0.01  0.01  0.02     99
8  BIDU240209C00109000   109.0        0.01  0.00  0.01    640
9  BIDU240209C00110000   110.0        0.02  0.00  0.01    298
BIDU============== Filtered PUTS for $105.08===================
         Contract Name  Strike  Last Price   Bid   Ask Volume
0  BIDU240209P00101000   101.0        0.01  0.00  0.02    118
1  BIDU240209P00102000   102.0        0.03  0.00  0.02    192
2  BIDU240209P00103000   103.0        0.03  0.01  0.02    233
3  BIDU240209P00104000   104.0        0.03  0.02  0.05    320
4  BIDU240209P00105000   105.0        0.26  0.24  0.31    147
5  BIDU240209P00106000   106.0        0.47  0.92  1.24     82
6  BIDU240209P00107000   107.0        1.43  1.74  2.12     18
7  BIDU240209P00108000   108.0        2.35  2.75  3.20     65
8  BIDU240209P00109000   109.0        3.74  3.80  4.20     58
9  BIDU240209P00110000   110.0        5.50  4.90  5.15      7
RACE============== Filtered CALLS for $393.20==================
         Contract Name  Strike  Last Price    Bid    Ask Volume
0  RACE240209C00370000   370.0       16.00  22.30  24.40      2
1  RACE240209C00375000   375.0        8.79  16.50  19.80      1
2  RACE240209C00380000   380.0       11.02  12.10  14.50      5
3  RACE240209C00385000   385.0        6.70   6.60   9.40      5
4  RACE240209C00390000   390.0        3.00   1.80   4.20     14
5  RACE240209C00395000   395.0        0.07   0.05   0.15      3
6  RACE240209C00400000   400.0        0.05   0.00   0.05      7
7  RACE240209C00405000   405.0        0.05   0.00   0.75     10
8  RACE240209C00410000   410.0        0.28   0.00   0.75      4
9  RACE240209C00415000   415.0        0.50   0.00   0.20      0
RACE============== Filtered PUTS for $393.20===================
         Contract Name  Strike  Last Price   Bid   Ask Volume
0  RACE240209P00370000   370.0        0.08  0.00  0.50      1
1  RACE240209P00375000   375.0        0.04  0.00  0.05      7
2  RACE240209P00380000   380.0        0.29  0.00  0.10      6
3  RACE240209P00385000   385.0        0.05  0.00  0.15      2
4  RACE240209P00390000   390.0        0.05  0.00  0.05      2
5  RACE240209P00395000   395.0        2.19  1.25  3.00      1
6  RACE240209P00400000   400.0       13.56  5.10  8.70      0
EDU============== Filtered CALLS for $87.53==================
        Contract Name  Strike  Last Price   Bid   Ask Volume
0  EDU240209C00083000    83.0        5.00  4.45  5.45      7
1  EDU240209C00084000    84.0        3.80  3.50  4.55     11
2  EDU240209C00085000    85.0        2.90  2.47  3.35     16
3  EDU240209C00086000    86.0        2.05  1.55  2.52     11
4  EDU240209C00087000    87.0        1.35  0.30  1.34     18
5  EDU240209C00088000    88.0        0.50  0.12  0.24      7
6  EDU240209C00090000    90.0        0.10  0.01  0.08     43
7  EDU240209C00091000    91.0        0.34  0.00  0.14      2
8  EDU240209C00092000    92.0        0.24  0.00  0.23     10
9  EDU240209C00095000    95.0        0.27  0.00  0.01     16
EDU============== Filtered PUTS for $87.53===================
        Contract Name  Strike  Last Price  Bid   Ask Volume
0  EDU240209P00080000    80.0        0.43  0.0  0.75      6
1  EDU240209P00081000    81.0        0.15  0.0  0.15      7
2  EDU240209P00082000    82.0        0.08  0.0  0.14      7
3  EDU240209P00083000    83.0        0.33  0.0  0.23      9
4  EDU240209P00084000    84.0        4.85  0.0  0.23      6
KKR============== Filtered CALLS for $97.16==================
        Contract Name  Strike  Last Price  Bid   Ask  Volume
0  KKR240209C00092000    92.0        4.99  4.6  5.20      28
1  KKR240209C00093000    93.0        4.38  3.7  4.20      17
2  KKR240209C00094000    94.0        2.75  2.6  3.90       1
3  KKR240209C00095000    95.0        1.68  1.2  2.20      11
4  KKR240209C00096000    96.0        0.93  0.6  1.15      17
5  KKR240209C00099000    99.0        0.22  0.0  0.10      60
6  KKR240209C00100000   100.0        0.20  0.0  0.15       1
KKR============== Filtered PUTS for $97.16===================
        Contract Name  Strike  Last Price  Bid   Ask  Volume
0  KKR240209P00088000    88.0        0.05  0.0  0.05       1
1  KKR240209P00089000    89.0        0.14  0.0  0.75       3
2  KKR240209P00090000    90.0        0.35  0.0  0.05      20
3  KKR240209P00091000    91.0        0.13  0.0  0.10      10
4  KKR240209P00095000    95.0        0.09  0.0  0.15      20
SHEL============== Filtered CALLS for $63.69==================
         Contract Name  Strike  Last Price   Bid   Ask  Volume
0  SHEL240209C00059000    59.0        3.70  4.50  4.70       8
1  SHEL240209C00060000    60.0        3.61  3.50  3.70      10
2  SHEL240209C00061000    61.0        2.55  2.55  2.85       1
3  SHEL240209C00062000    62.0        1.70  1.55  1.80       1
4  SHEL240209C00063000    63.0        0.65  0.55  0.70      57
5  SHEL240209C00064000    64.0        0.03  0.00  0.05      42
6  SHEL240209C00065000    65.0        0.08  0.00  0.05       1
7  SHEL240209C00066000    66.0        0.05  0.00  0.05       1
8  SHEL240209C00067000    67.0        0.04  0.00  0.15     100
9  SHEL240209C00068000    68.0        0.05  0.00  0.05       1
SHEL============== Filtered PUTS for $63.69===================
         Contract Name  Strike  Last Price   Bid   Ask Volume
0  SHEL240209P00059000    59.0        0.10  0.00  0.15     21
1  SHEL240209P00060000    60.0        0.23  0.00  0.75      1
2  SHEL240209P00061000    61.0        0.01  0.00  0.05      3
3  SHEL240209P00062000    62.0        0.23  0.00  0.05      3
4  SHEL240209P00063000    63.0        0.03  0.00  0.05      7
5  SHEL240209P00064000    64.0        0.20  0.25  0.45     11
6  SHEL240209P00065000    65.0        1.25  1.25  1.40      5
7  SHEL240209P00066000    66.0        2.66  2.15  2.45      1
8  SHEL240209P00067000    67.0        5.93  3.20  3.50      0
9  SHEL240209P00068000    68.0        6.70  4.20  4.50      1
PINS============== Filtered CALLS for $36.86==================
         Contract Name  Strike  Last Price   Bid   Ask Volume
0  PINS240209C00034500    34.5        2.18  2.05  2.25     81
1  PINS240209C00035000    35.0        1.35  1.59  1.75   1807
2  PINS240209C00035500    35.5        1.17  0.98  1.22   2022
3  PINS240209C00036000    36.0        0.71  0.61  0.70   4373
4  PINS240209C00036500    36.5        0.21  0.20  0.24   3649
5  PINS240209C00037000    37.0        0.03  0.03  0.04   5604
6  PINS240209C00037500    37.5        0.03  0.01  0.03   1063
7  PINS240209C00038000    38.0        0.01  0.01  0.02   2181
8  PINS240209C00038500    38.5        0.01  0.00  0.02   1034
9  PINS240209C00039000    39.0        0.01  0.00  0.01    980
PINS============== Filtered PUTS for $36.86===================
         Contract Name  Strike  Last Price   Bid   Ask  Volume
0  PINS240209P00034500    34.5        0.01  0.00  0.01    1817
1  PINS240209P00035000    35.0        0.01  0.00  0.01   10249
2  PINS240209P00035500    35.5        0.01  0.00  0.01    3756
3  PINS240209P00036000    36.0        0.01  0.00  0.01    5553
4  PINS240209P00036500    36.5        0.02  0.04  0.05    4636
5  PINS240209P00037000    37.0        0.38  0.36  0.41    6559
6  PINS240209P00037500    37.5        0.80  0.79  0.90     887
7  PINS240209P00038000    38.0        1.33  1.27  1.50    2985
8  PINS240209P00038500    38.5        1.87  1.74  1.88     582
9  PINS240209P00039000    39.0        2.28  2.24  2.41     870
X============== Filtered CALLS for $46.24==================
      Contract Name  Strike  Last Price   Bid    Ask Volume
0  X240209C00035000    35.0       12.89  9.90  13.50      5
1  X240209C00038000    38.0        9.30  7.55   9.05      1
2  X240209C00040000    40.0        6.58  5.55   7.10      4
3  X240209C00045500    45.5        0.01  0.05   1.58      1
4  X240209C00046000    46.0        0.34  0.00   0.60     20
5  X240209C00046500    46.5        0.01  0.00   0.01     40
6  X240209C00047000    47.0        0.01  0.00   0.05     12
7  X240209C00047500    47.5        0.01  0.00   0.06     12
8  X240209C00048000    48.0        0.01  0.01   0.04     38
9  X240209C00048500    48.5        0.12  0.00   0.01     48
X============== Filtered PUTS for $46.24===================
      Contract Name  Strike  Last Price   Bid   Ask Volume
0  X240209P00043500    43.5        0.01  0.00  0.49      3
1  X240209P00044500    44.5        0.02  0.00  0.04     41
2  X240209P00045000    45.0        0.01  0.00  0.01     32
3  X240209P00045500    45.5        0.09  0.00  0.04     14
4  X240209P00046000    46.0        0.06  0.02  0.23      3
5  X240209P00046500    46.5        0.35  0.00  0.40     66
6  X240209P00047000    47.0        0.75  0.59  1.51     63
7  X240209P00047500    47.5        0.88  0.75  2.01      0
8  X240209P00048000    48.0        1.75  1.76  2.51     11
9  X240209P00048500    48.5        2.37  1.82  2.92      1
GDDY============== Filtered CALLS for $113.18==================
         Contract Name  Strike  Last Price   Bid   Ask Volume
0  GDDY240209C00108000   108.0        4.07  4.10  5.70      1
1  GDDY240209C00109000   109.0        4.14  4.30  4.70      6
2  GDDY240209C00110000   110.0        3.50  3.10  3.70    126
3  GDDY240209C00111000   111.0        2.52  2.35  2.95      4
4  GDDY240209C00112000   112.0        1.55  1.10  2.00      8
5  GDDY240209C00114000   114.0        0.14  0.00  0.10      6
6  GDDY240209C00115000   115.0        0.05  0.00  0.75      2
GDDY============== Filtered PUTS for $113.18===================
         Contract Name  Strike  Last Price   Bid   Ask Volume
0  GDDY240209P00108000   108.0        0.36  0.00  0.75      1
1  GDDY240209P00109000   109.0        0.03  0.00  0.05      5
2  GDDY240209P00110000   110.0        0.15  0.00  0.40     59
3  GDDY240209P00111000   111.0        0.60  0.00  0.05      1
4  GDDY240209P00112000   112.0        0.50  0.05  0.05      8
SHOP============== Filtered CALLS for $90.61==================
         Contract Name  Strike  Last Price   Bid   Ask  Volume
0  SHOP240209C00086000    86.0        4.75  4.45  4.60     552
1  SHOP240209C00087000    87.0        3.71  3.45  3.60     920
2  SHOP240209C00088000    88.0        2.59  2.59  2.67    1734
3  SHOP240209C00089000    89.0        1.62  1.57  1.72    3191
4  SHOP240209C00090000    90.0        0.68  0.64  0.72    9832
5  SHOP240209C00091000    91.0        0.11  0.12  0.14    3430
6  SHOP240209C00092000    92.0        0.01  0.01  0.04    2938
7  SHOP240209C00093000    93.0        0.02  0.00  0.03    2148
8  SHOP240209C00094000    94.0        0.02  0.00  0.04    1237
9  SHOP240209C00095000    95.0        0.01  0.00  0.01     579
SHOP============== Filtered PUTS for $90.61===================
         Contract Name  Strike  Last Price   Bid   Ask  Volume
0  SHOP240209P00086000    86.0        0.01  0.00  0.01     178
1  SHOP240209P00087000    87.0        0.01  0.00  0.01     245
2  SHOP240209P00088000    88.0        0.01  0.00  0.01     644
3  SHOP240209P00089000    89.0        0.01  0.00  0.03    1551
4  SHOP240209P00090000    90.0        0.05  0.07  0.11     589
5  SHOP240209P00091000    91.0        0.49  0.49  0.51    1635
6  SHOP240209P00093000    93.0        4.70  2.19  2.75      22
7  SHOP240209P00094000    94.0        9.45  3.25  3.55       1
8  SHOP240209P00095000    95.0        4.50  4.30  4.55       9
9  SHOP240209P00096000    96.0        6.35  5.30  5.50       2
SPOT============== Filtered CALLS for $240.63==================
         Contract Name  Strike  Last Price    Bid    Ask  Volume
0  SPOT240209C00230000   230.0       10.94  10.65  11.60      33
1  SPOT240209C00232500   232.5        8.35   8.05   9.00      14
2  SPOT240209C00235000   235.0        6.20   5.35   6.35      29
3  SPOT240209C00237500   237.5        3.57   3.05   4.05      71
4  SPOT240209C00240000   240.0        1.02   0.81   1.05     515
5  SPOT240209C00242500   242.5        0.07   0.05   0.10     700
6  SPOT240209C00245000   245.0        0.01   0.00   0.01     600
7  SPOT240209C00247500   247.5        0.01   0.00   0.01     137
8  SPOT240209C00250000   250.0        0.01   0.00   0.01     240
9  SPOT240209C00252500   252.5        0.01   0.00   0.02      72
SPOT============== Filtered PUTS for $240.63===================
         Contract Name  Strike  Last Price   Bid   Ask Volume
0  SPOT240209P00230000   230.0        0.01  0.00  0.02     35
1  SPOT240209P00232500   232.5        0.02  0.00  0.01     69
2  SPOT240209P00235000   235.0        0.01  0.00  0.01    116
3  SPOT240209P00237500   237.5        0.02  0.01  0.03    214
4  SPOT240209P00240000   240.0        0.15  0.13  0.19    359
5  SPOT240209P00242500   242.5        2.88  1.60  2.04     86
6  SPOT240209P00245000   245.0        5.40  3.60  5.10      5
7  SPOT240209P00247500   247.5        6.40  5.90  7.15      2
8  SPOT240209P00250000   250.0       11.80  8.45  9.75     58
BURL============== Filtered CALLS for $198.90==================
         Contract Name  Strike  Last Price   Bid    Ask Volume
0  BURL240209C00187500   187.5       11.23  9.20  12.80      6
1  BURL240209C00190000   190.0        8.73  7.50  10.00     26
2  BURL240209C00192500   192.5        5.70  5.40   7.60     14
3  BURL240209C00195000   195.0        4.22  2.80   4.60     11
4  BURL240209C00197500   197.5        1.12  0.95   1.35     26
5  BURL240209C00200000   200.0        0.12  0.00   0.05    332
6  BURL240209C00202500   202.5        0.02  0.00   0.05    214
7  BURL240209C00205000   205.0        0.01  0.00   0.05     16
8  BURL240209C00207500   207.5        0.07  0.00   0.20     10
9  BURL240209C00210000   210.0        0.12  0.00   0.10      1
BURL============== Filtered PUTS for $198.90===================
         Contract Name  Strike  Last Price   Bid    Ask Volume
0  BURL240209P00187500   187.5        0.05  0.00   0.05      5
1  BURL240209P00190000   190.0        0.05  0.00   0.90     30
2  BURL240209P00192500   192.5        0.05  0.00   0.10      1
3  BURL240209P00195000   195.0        0.05  0.00   0.10     34
4  BURL240209P00197500   197.5        0.15  0.05   0.20     22
5  BURL240209P00200000   200.0        3.07  1.00   1.75      4
6  BURL240209P00202500   202.5        8.40  2.65   6.00      0
7  BURL240209P00210000   210.0       18.15  9.60  13.10      5
XP============== Filtered CALLS for $24.89==================
       Contract Name  Strike  Last Price   Bid   Ask Volume
0  XP240209C00022500    22.5        3.10  2.31  2.85      0
1  XP240209C00023000    23.0        1.97  1.58  2.15      0
2  XP240209C00023500    23.5        1.49  1.15  1.63      9
3  XP240209C00024000    24.0        1.00  0.65  1.13      8
4  XP240209C00024500    24.5        0.51  0.33  0.42      3
5  XP240209C00025000    25.0        0.02  0.01  0.03     22
6  XP240209C00025500    25.5        0.03  0.00  0.03     21
7  XP240209C00026000    26.0        0.01  0.00  0.01    124
8  XP240209C00026500    26.5        0.02  0.00  0.25      9
9  XP240209C00027000    27.0        0.02  0.00  0.09      2
XP============== Filtered PUTS for $24.89===================
       Contract Name  Strike  Last Price   Bid   Ask Volume
0  XP240209P00022500    22.5        0.05  0.00  0.16      2
1  XP240209P00023000    23.0        0.02  0.00  0.03      8
2  XP240209P00023500    23.5        0.03  0.00  0.18      4
3  XP240209P00024000    24.0        0.01  0.00  0.03     12
4  XP240209P00024500    24.5        0.02  0.01  0.03     10
5  XP240209P00025000    25.0        0.16  0.11  0.22      9
6  XP240209P00025500    25.5        0.53  0.44  0.87     16
7  XP240209P00026000    26.0        1.24  1.08  1.21     44
8  XP240209P00026500    26.5        1.95  1.44  1.80      1
9  XP240209P00027000    27.0        1.55  1.81  2.58      0
SONY============== Filtered CALLS for $96.03==================
         Contract Name  Strike  Last Price  Bid   Ask  Volume
0  SONY240209C00092000    92.0        4.30  3.3  4.20       4
1  SONY240209C00093000    93.0        3.60  2.1  3.30       4
2  SONY240209C00095000    95.0        1.32  0.9  1.20       2
3  SONY240209C00096000    96.0        0.18  0.1  0.20     908
4  SONY240209C00097000    97.0        0.05  0.0  0.10      14
5  SONY240209C00098000    98.0        0.15  0.0  0.05      13
6  SONY240209C00099000    99.0        0.10  0.0  0.10       4
7  SONY240209C00100000   100.0        0.03  0.0  0.05       3
8  SONY240209C00101000   101.0        0.08  0.0  0.75       2
SONY============== Filtered PUTS for $96.03===================
         Contract Name  Strike  Last Price   Bid   Ask  Volume
0  SONY240209P00092000    92.0        0.25  0.00  0.05     238
1  SONY240209P00093000    93.0        2.45  0.05  0.10       1
2  SONY240209P00094000    94.0        0.05  0.00  0.10       8
3  SONY240209P00095000    95.0        0.25  0.00  0.10      39
4  SONY240209P00096000    96.0        0.20  0.10  0.20      22
5  SONY240209P00097000    97.0        1.00  0.80  1.70       3
6  SONY240209P00098000    98.0        1.71  1.75  2.10       1
7  SONY240209P00099000    99.0        1.55  2.55  3.20      29
8  SONY240209P00100000   100.0        2.35  3.60  5.40       1
9  SONY240209P00101000   101.0        5.28  4.40  6.40       1
SU============== Filtered CALLS for $32.08==================
       Contract Name  Strike  Last Price   Bid   Ask Volume
0  SU240209C00030000    30.0        2.36  2.10  2.16     20
1  SU240209C00031000    31.0        1.40  1.08  1.15     50
2  SU240209C00031500    31.5        0.69  0.59  0.65      1
3  SU240209C00032000    32.0        0.20  0.12  0.15    763
4  SU240209C00032500    32.5        0.01  0.00  0.02     57
5  SU240209C00033000    33.0        0.01  0.00  0.03     11
6  SU240209C00033500    33.5        0.01  0.00  0.01      7
7  SU240209C00034000    34.0        0.03  0.00  0.06      1
8  SU240209C00034500    34.5        0.01  0.00  0.03      1
SU============== Filtered PUTS for $32.08===================
       Contract Name  Strike  Last Price   Bid   Ask Volume
0  SU240209P00030000    30.0        0.05  0.00  0.15      3
1  SU240209P00030500    30.5        0.02  0.00  0.03      1
2  SU240209P00031000    31.0        0.01  0.00  0.03      1
3  SU240209P00031500    31.5        0.01  0.00  0.14      2
4  SU240209P00032000    32.0        0.02  0.00  0.03     13
5  SU240209P00032500    32.5        0.33  0.35  0.41      4
6  SU240209P00033000    33.0        0.80  0.86  1.13      1
7  SU240209P00033500    33.5        1.42  1.34  1.41      9
8  SU240209P00034000    34.0        0.88  1.77  2.01      9
ET============== Filtered CALLS for $13.94==================
       Contract Name  Strike  Last Price   Bid   Ask  Volume
0  ET240209C00010500    10.5        3.35  3.40  3.45       5
1  ET240209C00012000    12.0        1.92  1.84  1.95       1
2  ET240209C00012500    12.5        1.71  1.40  1.45       3
3  ET240209C00013000    13.0        1.31  0.90  0.95      90
4  ET240209C00013500    13.5        0.42  0.39  0.44     567
5  ET240209C00014000    14.0        0.01  0.00  0.01    1157
6  ET240209C00014500    14.5        0.01  0.00  0.01       3
7  ET240209C00015000    15.0        0.01  0.00  0.01       1
8  ET240209C00015500    15.5        0.01  0.00  0.02       5
9  ET240209C00016000    16.0        0.03  0.00  0.01      10
ET============== Filtered PUTS for $13.94===================
       Contract Name  Strike  Last Price   Bid   Ask Volume
0  ET240209P00009500     9.5        0.75  0.00  0.53      0
1  ET240209P00011500    11.5        0.05  0.00  0.05      1
2  ET240209P00012500    12.5        0.01  0.00  0.01      2
3  ET240209P00013000    13.0        0.01  0.00  0.01      1
4  ET240209P00013500    13.5        0.01  0.00  0.01     80
5  ET240209P00014000    14.0        0.08  0.07  0.10    723
6  ET240209P00014500    14.5        0.58  0.55  0.60      6
7  ET240209P00015000    15.0        1.11  1.06  1.10      2
EPD============== Filtered CALLS for $26.32==================
        Contract Name  Strike  Last Price   Bid   Ask Volume
0  EPD240209C00025500    25.5        1.72  0.68  0.97      0
1  EPD240209C00026000    26.0        0.25  0.25  0.35      1
2  EPD240209C00026500    26.5        0.02  0.00  0.01      2
3  EPD240209C00027000    27.0        0.01  0.00  0.01    100
4  EPD240209C00027500    27.5        0.01  0.00  0.02      1
5  EPD240209C00028000    28.0        0.03  0.00  0.05      2
6  EPD240209C00029000    29.0        0.03  0.00  0.01      0
EPD============== Filtered PUTS for $26.32===================
        Contract Name  Strike  Last Price   Bid   Ask  Volume
0  EPD240209P00024000    24.0        0.03  0.00  0.04      44
1  EPD240209P00025000    25.0        0.06  0.00  0.50       3
2  EPD240209P00025500    25.5        0.02  0.00  0.49       3
3  EPD240209P00026000    26.0        0.01  0.00  0.04       5
4  EPD240209P00026500    26.5        0.21  0.16  0.24      29
5  EPD240209P00027000    27.0        0.80  0.63  0.76      10
6  EPD240209P00027500    27.5        1.14  1.07  1.42      92
7  EPD240209P00028000    28.0        1.85  1.54  1.91       1
TWLO============== Filtered CALLS for $71.51==================
         Contract Name  Strike  Last Price   Bid   Ask Volume
0  TWLO240209C00067000    67.0        4.65  4.30  4.75      2
1  TWLO240209C00068000    68.0        3.70  3.35  3.80    197
2  TWLO240209C00069000    69.0        2.93  2.27  2.69     42
3  TWLO240209C00070000    70.0        1.49  1.27  1.69     38
4  TWLO240209C00071000    71.0        0.80  0.41  0.65    103
5  TWLO240209C00072000    72.0        0.03  0.03  0.07    568
6  TWLO240209C00073000    73.0        0.03  0.01  0.03    562
7  TWLO240209C00074000    74.0        0.01  0.00  0.02    171
8  TWLO240209C00075000    75.0        0.02  0.00  0.02    992
9  TWLO240209C00076000    76.0        0.03  0.00  0.03      7
TWLO============== Filtered PUTS for $71.51===================
         Contract Name  Strike  Last Price   Bid   Ask Volume
0  TWLO240209P00067000    67.0        0.01  0.00  0.01     55
1  TWLO240209P00068000    68.0        0.01  0.00  0.02     50
2  TWLO240209P00069000    69.0        0.01  0.01  0.02     17
3  TWLO240209P00070000    70.0        0.02  0.01  0.03    119
4  TWLO240209P00071000    71.0        0.05  0.02  0.04     77
5  TWLO240209P00072000    72.0        0.28  0.32  0.66    127
6  TWLO240209P00073000    73.0        1.71  1.33  1.88     35
7  TWLO240209P00074000    74.0        1.59  2.33  2.70      3
8  TWLO240209P00075000    75.0        2.66  3.40  3.85      3
9  TWLO240209P00076000    76.0        6.16  4.20  4.80      2
LNG============== Filtered CALLS for $158.23==================
        Contract Name  Strike  Last Price    Bid    Ask Volume
0  LNG240209C00145000   145.0       21.50  12.20  13.80      0
1  LNG240209C00150000   150.0       10.30   7.60   9.40      3
2  LNG240209C00152500   152.5        6.50   5.40   5.70      3
3  LNG240209C00155000   155.0        5.56   2.20   3.30     32
4  LNG240209C00157500   157.5        1.22   0.55   0.70      2
5  LNG240209C00160000   160.0        0.10   0.00   0.05     30
6  LNG240209C00162500   162.5        0.02   0.00   0.50     34
7  LNG240209C00165000   165.0        0.13   0.00   0.05     16
8  LNG240209C00167500   167.5        0.05   0.00   0.05     25
9  LNG240209C00170000   170.0        0.04   0.00   0.05      1
LNG============== Filtered PUTS for $158.23===================
        Contract Name  Strike  Last Price    Bid    Ask Volume
0  LNG240209P00145000   145.0        0.25   0.00   0.35      2
1  LNG240209P00150000   150.0        0.05   0.00   0.10     10
2  LNG240209P00152500   152.5        0.09   0.00   0.75      2
3  LNG240209P00155000   155.0        0.03   0.00   0.05     11
4  LNG240209P00157500   157.5        0.10   0.00   0.15      6
5  LNG240209P00160000   160.0        1.25   1.75   2.10     34
6  LNG240209P00162500   162.5        3.82   4.20   4.60      2
7  LNG240209P00165000   165.0        5.83   6.80   7.80      2
8  LNG240209P00167500   167.5        7.87   8.30  10.80      1
9  LNG240209P00170000   170.0       11.15  10.70  13.10      1
ZM============== Filtered CALLS for $65.91==================
       Contract Name  Strike  Last Price   Bid   Ask  Volume
0  ZM240209C00061000    61.0        2.74  4.65  4.95       4
1  ZM240209C00062000    62.0        1.80  3.70  4.30       2
2  ZM240209C00063000    63.0        3.36  2.60  3.10      39
3  ZM240209C00064000    64.0        1.98  1.71  1.97     560
4  ZM240209C00065000    65.0        0.82  0.68  0.94    3924
5  ZM240209C00066000    66.0        0.10  0.09  0.11   16403
6  ZM240209C00067000    67.0        0.01  0.00  0.02    1980
7  ZM240209C00068000    68.0        0.01  0.01  0.02     197
8  ZM240209C00069000    69.0        0.01  0.00  0.01      41
9  ZM240209C00070000    70.0        0.01  0.00  0.01       7
ZM============== Filtered PUTS for $65.91===================
       Contract Name  Strike  Last Price   Bid   Ask Volume
0  ZM240209P00061000    61.0        0.01  0.00  0.01      5
1  ZM240209P00062000    62.0        0.01  0.01  0.01     89
2  ZM240209P00063000    63.0        0.01  0.00  0.01    174
3  ZM240209P00064000    64.0        0.01  0.00  0.01    479
4  ZM240209P00065000    65.0        0.02  0.00  0.02    606
5  ZM240209P00066000    66.0        0.22  0.24  0.26    761
6  ZM240209P00067000    67.0        1.12  0.92  1.51     21
7  ZM240209P00068000    68.0        1.84  1.76  2.34      7
8  ZM240209P00069000    69.0        2.62  2.81  3.25      4
9  ZM240209P00070000    70.0        6.08  3.90  4.30      1
DKNG============== Filtered CALLS for $43.77==================
         Contract Name  Strike  Last Price   Bid   Ask  Volume
0  DKNG240209C00041500    41.5        2.07  2.19  2.28     132
1  DKNG240209C00042000    42.0        1.77  1.67  1.78    1436
2  DKNG240209C00042500    42.5        1.27  1.20  1.28    1885
3  DKNG240209C00043000    43.0        0.75  0.75  0.78    4753
4  DKNG240209C00043500    43.5        0.27  0.23  0.29    8837
5  DKNG240209C00044000    44.0        0.03  0.03  0.04   49429
6  DKNG240209C00044500    44.5        0.01  0.00  0.02    3031
7  DKNG240209C00045000    45.0        0.01  0.00  0.01    1204
8  DKNG240209C00045500    45.5        0.01  0.00  0.01     122
9  DKNG240209C00046000    46.0        0.01  0.00  0.02      23
DKNG============== Filtered PUTS for $43.77===================
         Contract Name  Strike  Last Price   Bid   Ask Volume
0  DKNG240209P00041500    41.5        0.01  0.00  0.03     11
1  DKNG240209P00042000    42.0        0.01  0.00  0.01   1656
2  DKNG240209P00042500    42.5        0.02  0.00  0.22    239
3  DKNG240209P00043000    43.0        0.01  0.01  0.02    972
4  DKNG240209P00043500    43.5        0.04  0.02  0.04    726
5  DKNG240209P00044000    44.0        0.24  0.28  0.33    308
6  DKNG240209P00044500    44.5        0.85  0.71  1.00    699
7  DKNG240209P00045000    45.0        1.25  1.18  1.45     15
8  DKNG240209P00047000    47.0        3.45  3.20  3.30      1
9  DKNG240209P00048000    48.0        4.95  3.90  4.65      5
HSBC============== Filtered CALLS for $38.97==================
         Contract Name  Strike  Last Price   Bid   Ask  Volume
0  HSBC240209C00038000    38.0        0.95  0.55  1.30       1
1  HSBC240209C00039000    39.0        0.04  0.00  0.05       1
2  HSBC240209C00040000    40.0        0.21  0.00  0.20       5
3  HSBC240209C00041000    41.0        0.05  0.00  0.05       3
HSBC============== Filtered PUTS for $38.97===================
         Contract Name  Strike  Last Price   Bid    Ask  Volume
0  HSBC240209P00037000    37.0        0.05  0.00   0.75       3
1  HSBC240209P00038000    38.0        0.10  0.00   0.00       4
2  HSBC240209P00039000    39.0        0.25  0.00   0.20      14
3  HSBC240209P00041000    41.0        1.74  1.15   3.10       2
4  HSBC240209P00045000    45.0        5.96  4.20   8.00       2
5  HSBC240209P00047000    47.0        7.95  7.00  10.20       7
AZN============== Filtered CALLS for $62.37==================
        Contract Name  Strike  Last Price  Bid   Ask Volume
0  AZN240209C00060000    60.0        2.28  2.2  2.38     15
1  AZN240209C00064000    64.0        0.02  0.0  0.01     14
2  AZN240209C00065000    65.0        0.01  0.0  0.01      5
3  AZN240209C00066000    66.0        0.01  0.0  0.01      8
4  AZN240209C00067000    67.0        0.01  0.0  0.01     11
5  AZN240209C00068000    68.0        0.01  0.0  0.01      1
AZN============== Filtered PUTS for $62.37===================
        Contract Name  Strike  Last Price   Bid   Ask Volume
0  AZN240209P00058000    58.0        0.01  0.00  0.02      5
1  AZN240209P00059000    59.0        0.06  0.00  0.48     10
2  AZN240209P00060000    60.0        0.01  0.00  0.02      4
3  AZN240209P00061000    61.0        0.01  0.00  0.04     41
4  AZN240209P00062000    62.0        0.02  0.01  0.03     81
5  AZN240209P00063000    63.0        0.70  0.66  0.80     51
6  AZN240209P00064000    64.0        1.72  1.65  1.78     34
7  AZN240209P00065000    65.0        2.64  2.64  2.82      6
8  AZN240209P00066000    66.0        3.60  3.65  3.75      1
9  AZN240209P00067000    67.0        4.64  4.60  4.80     28
MT============== Filtered CALLS for $28.86==================
       Contract Name  Strike  Last Price  Bid   Ask  Volume
0  MT240209C00026000    26.0        1.05  2.8  2.90      35
1  MT240209C00026500    26.5        2.15  2.3  2.40       1
2  MT240209C00027000    27.0        1.51  1.8  1.90       1
3  MT240209C00027500    27.5        0.85  1.3  1.40      61
4  MT240209C00028000    28.0        0.95  0.8  0.90      28
5  MT240209C00029000    29.0        0.07  0.0  0.05       4
6  MT240209C00030000    30.0        0.05  0.0  0.60       2
MT============== Filtered PUTS for $28.86===================
       Contract Name  Strike  Last Price  Bid   Ask  Volume
0  MT240209P00026000    26.0        0.01  0.0  0.05       7
1  MT240209P00026500    26.5        0.20  0.0  0.05       2
2  MT240209P00027000    27.0        0.01  0.0  0.75       1
3  MT240209P00027500    27.5        0.07  0.0  0.05       2
4  MT240209P00028000    28.0        0.05  0.0  0.05       3
5  MT240209P00032000    32.0        3.05  3.1  3.20       5
6  MT240209P00035000    35.0        6.05  6.1  6.20       5
TEAM============== Filtered CALLS for $219.46==================
         Contract Name  Strike  Last Price   Bid    Ask Volume
0  TEAM240209C00205000   205.0       15.28  13.5  15.30      7
1  TEAM240209C00210000   210.0       10.00   8.8  10.30     71
2  TEAM240209C00212500   212.5        8.30   6.3   7.80     36
3  TEAM240209C00215000   215.0        4.20   3.9   5.20    339
4  TEAM240209C00217500   217.5        1.90   1.8   2.25    277
5  TEAM240209C00220000   220.0        0.39   0.4   0.40    455
6  TEAM240209C00222500   222.5        0.10   0.0   0.10     58
7  TEAM240209C00225000   225.0        0.05   0.0   0.10     38
8  TEAM240209C00227500   227.5        0.03   0.0   0.05      1
9  TEAM240209C00230000   230.0        0.05   0.0   0.05     16
TEAM============== Filtered PUTS for $219.46===================
         Contract Name  Strike  Last Price   Bid    Ask Volume
0  TEAM240209P00205000   205.0        0.03  0.00   0.10     19
1  TEAM240209P00210000   210.0        0.03  0.00   0.05    122
2  TEAM240209P00212500   212.5        0.05  0.00   0.10     21
3  TEAM240209P00215000   215.0        0.05  0.00   0.10     38
4  TEAM240209P00217500   217.5        0.13  0.05   0.15     95
5  TEAM240209P00220000   220.0        1.02  0.85   1.10     34
6  TEAM240209P00222500   222.5        3.00  2.50   3.70     53
7  TEAM240209P00225000   225.0       12.80  4.70   6.10      1
8  TEAM240209P00227500   227.5       17.20  6.60   9.00      6
9  TEAM240209P00230000   230.0       12.96  9.10  11.20      1
SNAP============== Filtered CALLS for $11.06==================
         Contract Name  Strike  Last Price   Bid   Ask  Volume
0  SNAP240209C00008500     8.5        2.67  2.46  2.60      32
1  SNAP240209C00009000     9.0        2.11  1.92  2.06      11
2  SNAP240209C00009500     9.5        1.50  1.25  1.62       5
3  SNAP240209C00010000    10.0        1.04  1.02  1.04     659
4  SNAP240209C00011000    11.0        0.06  0.06  0.07   20760
5  SNAP240209C00011500    11.5        0.01  0.00  0.01   12091
6  SNAP240209C00012000    12.0        0.01  0.00  0.01    4483
7  SNAP240209C00012500    12.5        0.01  0.00  0.01      26
8  SNAP240209C00013000    13.0        0.01  0.00  0.01       6
9  SNAP240209C00013500    13.5        0.01  0.00  0.01       1
SNAP============== Filtered PUTS for $11.06===================
         Contract Name  Strike  Last Price   Bid   Ask  Volume
0  SNAP240209P00009000     9.0        0.01  0.00  0.01      52
1  SNAP240209P00009500     9.5        0.01  0.00  0.01     375
2  SNAP240209P00010000    10.0        0.01  0.00  0.01     197
3  SNAP240209P00010500    10.5        0.02  0.00  0.01    2623
4  SNAP240209P00011000    11.0        0.03  0.03  0.04    7637
5  SNAP240209P00011500    11.5        0.44  0.44  0.48    1711
6  SNAP240209P00012000    12.0        0.95  0.95  0.98    1957
7  SNAP240209P00012500    12.5        1.46  1.45  1.49     349
8  SNAP240209P00013000    13.0        1.96  1.95  1.98     632
9  SNAP240209P00013500    13.5        2.47  2.45  2.54      53
ASML============== Filtered CALLS for $948.87==================
         Contract Name  Strike  Last Price    Bid    Ask Volume
0  ASML240209C00920000   920.0       28.56  27.90  31.10     81
1  ASML240209C00925000   925.0       22.75  21.70  25.50    683
2  ASML240209C00930000   930.0       21.98  17.20  18.90    626
3  ASML240209C00935000   935.0       15.19  12.40  13.90    168
4  ASML240209C00940000   940.0       10.70   7.10   9.00    315
5  ASML240209C00950000   950.0        0.80   0.50   0.85   9574
6  ASML240209C00960000   960.0        0.05   0.00   0.30   3973
7  ASML240209C00970000   970.0        0.12   0.00   0.10    100
8  ASML240209C00980000   980.0        0.05   0.05   0.20      2
9  ASML240209C00990000   990.0        0.08   0.00   0.10     32
ASML============== Filtered PUTS for $948.87===================
         Contract Name  Strike  Last Price   Bid    Ask Volume
0  ASML240209P00885000   885.0        0.10   0.0   0.10      1
1  ASML240209P00890000   890.0        0.10   0.0   0.10     29
2  ASML240209P00895000   895.0        0.10   0.0   0.25      6
3  ASML240209P00900000   900.0        0.06   0.0   0.25     61
4  ASML240209P00905000   905.0        0.10   0.0   0.15     14
5  ASML240209P00950000   950.0        2.50   2.4   3.00    114
6  ASML240209P00970000   970.0       84.60  19.5  23.20      0
7  ASML240209P00980000   980.0       88.50  29.7  34.00      1
BP============== Filtered CALLS for $36.38==================
       Contract Name  Strike  Last Price   Bid   Ask Volume
0  BP240209C00034000    34.0        2.40  2.28  2.36    301
1  BP240209C00034500    34.5        1.92  1.77  1.85     64
2  BP240209C00035000    35.0        1.35  1.28  1.35    194
3  BP240209C00035500    35.5        0.87  0.79  0.87    181
4  BP240209C00036000    36.0        0.32  0.32  0.35    427
5  BP240209C00036500    36.5        0.01  0.00  0.01   1545
6  BP240209C00037000    37.0        0.01  0.00  0.01     44
7  BP240209C00037500    37.5        0.01  0.00  0.01      3
8  BP240209C00038000    38.0        0.01  0.00  0.01      1
9  BP240209C00038500    38.5        0.01  0.00  0.01      1
BP============== Filtered PUTS for $36.38===================
Empty DataFrame
Columns: [Contract Name, Strike, Last Price, Bid, Ask, Volume]
Index: []
