WDAY============== Filtered CALLS for $305.62==================
         Contract Name  Strike  Last Price    Bid    Ask  Volume
0  WDAY240209C00295000   295.0       12.73  11.00  13.55      46
1  WDAY240209C00297500   297.5        9.00   8.25  10.30      59
2  WDAY240209C00300000   300.0        6.79   6.10   7.80     532
3  WDAY240209C00302500   302.5        5.25   3.55   5.45     169
4  WDAY240209C00305000   305.0        3.10   1.47   1.74     896
5  WDAY240209C00307500   307.5        0.30   0.15   0.24     145
6  WDAY240209C00310000   310.0        0.02   0.02   0.06     145
7  WDAY240209C00315000   315.0        0.03   0.00   0.01       8
8  WDAY240209C00320000   320.0        0.02   0.00   0.05       2
9  WDAY240209C00335000   335.0        0.05   0.00   0.05       5
WDAY============== Filtered PUTS for $305.62===================
         Contract Name  Strike  Last Price    Bid    Ask  Volume
0  WDAY240209P00290000   290.0        0.03   0.00   0.05      22
1  WDAY240209P00292500   292.5        0.03   0.00   0.04       8
2  WDAY240209P00295000   295.0        0.03   0.00   0.02      43
3  WDAY240209P00297500   297.5        0.04   0.00   0.05      37
4  WDAY240209P00300000   300.0        0.05   0.00   0.06      45
5  WDAY240209P00320000   320.0       29.50  11.65  13.90       2
BUD============== Filtered CALLS for $64.55==================
        Contract Name  Strike  Last Price   Bid   Ask Volume
0  BUD240209C00060000    60.0        4.73  4.30  4.80      3
1  BUD240209C00061000    61.0        4.75  2.90  3.70      2
2  BUD240209C00062000    62.0        2.48  1.50  2.60      7
3  BUD240209C00063000    63.0        1.54  1.20  1.65     10
4  BUD240209C00064000    64.0        0.64  0.25  0.60      6
5  BUD240209C00065000    65.0        0.09  0.00  0.05     17
6  BUD240209C00066000    66.0        0.10  0.00  0.05     10
7  BUD240209C00067000    67.0        0.04  0.00  0.05     23
8  BUD240209C00068000    68.0        0.10  0.00  0.30      5
9  BUD240209C00069000    69.0        0.03  0.00  0.05    113
BUD============== Filtered PUTS for $64.55===================
        Contract Name  Strike  Last Price  Bid   Ask Volume
0  BUD240209P00060000    60.0        0.05  0.0  0.05      5
1  BUD240209P00061000    61.0        0.05  0.0  0.15      1
2  BUD240209P00062000    62.0        0.02  0.0  0.75      6
3  BUD240209P00063000    63.0        0.06  0.0  0.05     60
4  BUD240209P00064000    64.0        0.05  0.0  0.05      1
5  BUD240209P00065000    65.0        0.45  0.4  0.70    119
GOLD============== Filtered CALLS for $14.69==================
         Contract Name  Strike  Last Price   Bid   Ask Volume
0  GOLD240209C00012000    12.0        2.86  2.64  2.72      5
1  GOLD240209C00013000    13.0        2.01  1.65  1.91      4
2  GOLD240209C00013500    13.5        1.45  1.16  1.22      1
3  GOLD240209C00014000    14.0        0.70  0.66  0.71      3
4  GOLD240209C00014500    14.5        0.20  0.16  0.21    137
5  GOLD240209C00015000    15.0        0.01  0.00  0.01    251
6  GOLD240209C00015500    15.5        0.01  0.00  0.01      7
7  GOLD240209C00016000    16.0        0.01  0.00  0.01     26
8  GOLD240209C00016500    16.5        0.01  0.00  0.01      2
9  GOLD240209C00017000    17.0        0.01  0.00  0.02     31
GOLD============== Filtered PUTS for $14.69===================
         Contract Name  Strike  Last Price   Bid   Ask Volume
0  GOLD240209P00013500    13.5        0.03  0.00  0.02    256
1  GOLD240209P00014000    14.0        0.02  0.00  0.01      1
2  GOLD240209P00014500    14.5        0.02  0.00  0.01    188
3  GOLD240209P00015000    15.0        0.34  0.31  0.33    467
4  GOLD240209P00015500    15.5        0.82  0.80  0.83    204
5  GOLD240209P00016000    16.0        1.26  1.30  1.34    441
6  GOLD240209P00016500    16.5        1.83  1.79  1.84     11
7  GOLD240209P00017000    17.0        2.12  2.28  2.37      5
WPM============== Filtered CALLS for $45.55==================
        Contract Name  Strike  Last Price   Bid   Ask Volume
0  WPM240209C00042000    42.0        4.20  3.40  3.60      2
1  WPM240209C00045000    45.0        3.40  0.45  0.60     12
2  WPM240209C00046000    46.0        0.03  0.00  0.05     25
3  WPM240209C00047000    47.0        0.05  0.00  0.05      1
4  WPM240209C00048000    48.0        0.03  0.00  0.05      2
5  WPM240209C00049000    49.0        0.04  0.00  0.00      3
6  WPM240209C00050000    50.0        0.04  0.00  0.05      5
WPM============== Filtered PUTS for $45.55===================
        Contract Name  Strike  Last Price   Bid   Ask Volume
0  WPM240209P00042000    42.0        0.10  0.00  0.05      1
1  WPM240209P00043000    43.0        0.05  0.00  0.10      1
2  WPM240209P00044000    44.0        0.03  0.00  0.40      1
3  WPM240209P00045000    45.0        0.05  0.00  0.05     25
4  WPM240209P00046000    46.0        0.44  0.40  0.60     42
5  WPM240209P00047000    47.0        1.52  1.40  1.55     24
6  WPM240209P00048000    48.0        2.70  2.40  2.60      7
7  WPM240209P00049000    49.0        1.75  3.40  3.60      4
8  WPM240209P00050000    50.0        3.00  2.65  4.10      1
GSK============== Filtered CALLS for $41.92==================
        Contract Name  Strike  Last Price   Bid   Ask  Volume
0  GSK240209C00038500    38.5        1.65  2.75  5.40       4
1  GSK240209C00039000    39.0        2.86  2.35  3.90       4
2  GSK240209C00039500    39.5        1.99  2.10  4.40       5
3  GSK240209C00040000    40.0        1.93  1.85  2.05      18
4  GSK240209C00041000    41.0        0.95  0.90  1.05      35
5  GSK240209C00042000    42.0        0.04  0.00  0.10      14
6  GSK240209C00043000    43.0        0.07  0.00  0.05       1
7  GSK240209C00044000    44.0        0.09  0.00  0.05       1
GSK============== Filtered PUTS for $41.92===================
        Contract Name  Strike  Last Price   Bid   Ask Volume
0  GSK240209P00038000    38.0        0.02  0.00  1.65      3
1  GSK240209P00039000    39.0        0.10  0.00  1.25      1
2  GSK240209P00039500    39.5        0.35  0.00  0.35      5
3  GSK240209P00040000    40.0        0.07  0.00  0.75     66
4  GSK240209P00041000    41.0        0.05  0.00  0.05      1
5  GSK240209P00042000    42.0        0.20  0.05  0.15      8
DB============== Filtered CALLS for $12.53==================
       Contract Name  Strike  Last Price   Bid   Ask  Volume
0  DB240209C00012500    12.5        0.13  0.05  0.10       1
1  DB240209C00013000    13.0        0.18  0.00  0.10       3
2  DB240209C00013500    13.5        0.05  0.00  0.05      25
3  DB240209C00014000    14.0        0.01  0.00  0.00       1
DB============== Filtered PUTS for $12.53===================
       Contract Name  Strike  Last Price   Bid   Ask Volume
0  DB240209P00012000    12.0        0.05  0.00  0.10     60
1  DB240209P00012500    12.5        0.05  0.05  0.10     21
2  DB240209P00013000    13.0        0.45  0.45  0.55     16
3  DB240209P00013500    13.5        1.00  0.65  1.10     13
4  DB240209P00014000    14.0        0.40  1.30  1.65      0
PBR============== Filtered CALLS for $17.19==================
        Contract Name  Strike  Last Price   Bid   Ask Volume
0  PBR240209C00015000    15.0        2.37  2.02  2.32    100
1  PBR240209C00015500    15.5        1.92  1.57  1.93      1
2  PBR240209C00016000    16.0        1.19  0.91  1.48     26
3  PBR240209C00016500    16.5        0.73  0.62  0.78    322
4  PBR240209C00017000    17.0        0.20  0.14  0.22    812
5  PBR240209C00017500    17.5        0.01  0.00  0.01    219
6  PBR240209C00018000    18.0        0.01  0.00  0.01      7
7  PBR240209C00018500    18.5        0.02  0.00  0.02    306
8  PBR240209C00019000    19.0        0.01  0.00  0.01      1
9  PBR240209C00019500    19.5        0.01  0.00  0.02      1
PBR============== Filtered PUTS for $17.19===================
        Contract Name  Strike  Last Price   Bid   Ask Volume
0  PBR240209P00015000    15.0        0.02  0.00  0.16     22
1  PBR240209P00015500    15.5        0.02  0.00  0.02    221
2  PBR240209P00016000    16.0        0.01  0.00  0.05      1
3  PBR240209P00016500    16.5        0.03  0.00  0.01     15
4  PBR240209P00017000    17.0        0.01  0.00  0.01    147
5  PBR240209P00017500    17.5        0.39  0.32  0.36     90
6  PBR240209P00018000    18.0        0.77  0.61  1.09    105
CPNG============== Filtered CALLS for $14.45==================
         Contract Name  Strike  Last Price   Bid   Ask Volume
0  CPNG240209C00012000    12.0        1.95  2.19  2.45     50
1  CPNG240209C00012500    12.5        2.41  1.89  1.97     15
2  CPNG240209C00013000    13.0        1.48  1.39  1.47      1
3  CPNG240209C00013500    13.5        0.85  0.88  0.95      1
4  CPNG240209C00014000    14.0        0.42  0.41  0.45     46
5  CPNG240209C00014500    14.5        0.05  0.00  0.03     45
6  CPNG240209C00015000    15.0        0.01  0.00  0.03      1
7  CPNG240209C00015500    15.5        0.02  0.00  0.03      1
8  CPNG240209C00016000    16.0        0.02  0.00  0.03      1
9  CPNG240209C00016500    16.5        0.02  0.00  0.01      1
CPNG============== Filtered PUTS for $14.45===================
         Contract Name  Strike  Last Price   Bid   Ask  Volume
0  CPNG240209P00013000    13.0        0.03  0.00  0.01      81
1  CPNG240209P00013500    13.5        0.02  0.00  0.03       3
2  CPNG240209P00014000    14.0        0.03  0.00  0.03       1
3  CPNG240209P00014500    14.5        0.02  0.07  0.10      27
4  CPNG240209P00015000    15.0        0.68  0.55  0.61       7
5  CPNG240209P00015500    15.5        1.13  1.02  1.10       1
6  CPNG240209P00016000    16.0        1.73  1.54  1.62       8
7  CPNG240209P00016500    16.5        2.11  2.02  2.13       1
NTR============== Filtered CALLS for $49.09==================
        Contract Name  Strike  Last Price   Bid   Ask Volume
0  NTR240209C00044000    44.0        5.00  4.90  5.10      0
1  NTR240209C00045000    45.0        3.94  4.00  4.10      2
2  NTR240209C00047000    47.0        1.72  1.95  2.10     20
3  NTR240209C00049000    49.0        0.30  0.10  0.15      6
4  NTR240209C00050000    50.0        0.03  0.00  0.05     40
5  NTR240209C00051000    51.0        0.03  0.00  0.05     12
6  NTR240209C00052000    52.0        0.03  0.00  0.05     13
7  NTR240209C00053000    53.0        0.03  0.00  0.05      5
8  NTR240209C00054000    54.0        0.04  0.00  0.05      7
NTR============== Filtered PUTS for $49.09===================
        Contract Name  Strike  Last Price   Bid   Ask Volume
0  NTR240209P00045000    45.0        0.03  0.00  0.05     70
1  NTR240209P00046000    46.0        0.03  0.00  0.05     10
2  NTR240209P00047000    47.0        0.05  0.00  0.05     10
3  NTR240209P00048000    48.0        0.03  0.00  0.05     30
4  NTR240209P00049000    49.0        0.06  0.05  0.15     43
5  NTR240209P00050000    50.0        0.84  0.95  1.05     37
6  NTR240209P00051000    51.0        1.90  1.95  2.05      2
7  NTR240209P00052000    52.0        3.00  2.95  3.10      7
8  NTR240209P00053000    53.0        3.35  3.80  4.10      1
9  NTR240209P00054000    54.0        4.20  4.80  5.10      6
TECK============== Filtered CALLS for $36.94==================
         Contract Name  Strike  Last Price   Bid   Ask Volume
0  TECK240209C00034000    34.0        2.73  2.68  2.94      1
1  TECK240209C00038000    38.0        0.25  0.00  0.10      2
2  TECK240209C00038500    38.5        0.39  0.00  0.29      2
3  TECK240209C00039000    39.0        0.20  0.00  0.08      4
4  TECK240209C00039500    39.5        0.36  0.00  0.16     21
5  TECK240209C00040000    40.0        0.10  0.00  0.15      3
TECK============== Filtered PUTS for $36.94===================
         Contract Name  Strike  Last Price   Bid   Ask Volume
0  TECK240209P00034000    34.0        0.31  0.00  0.17      2
1  TECK240209P00035000    35.0        0.03  0.00  0.16      1
2  TECK240209P00035500    35.5        0.04  0.00  0.08      3
3  TECK240209P00036000    36.0        0.05  0.00  0.22      7
4  TECK240209P00036500    36.5        0.05  0.00  0.03      8
5  TECK240209P00037000    37.0        0.13  0.07  0.23      5
6  TECK240209P00037500    37.5        0.67  0.56  0.72     15
7  TECK240209P00038000    38.0        1.04  1.03  1.22      5
8  TECK240209P00038500    38.5        0.44  1.55  1.77     19
9  TECK240209P00039000    39.0        0.81  2.07  2.23      3
TSM============== Filtered CALLS for $132.88==================
        Contract Name  Strike  Last Price   Bid   Ask  Volume
0  TSM240209C00127000   127.0        6.70  6.20  6.45     105
1  TSM240209C00128000   128.0        5.90  5.25  5.50     170
2  TSM240209C00129000   129.0        4.60  4.30  4.45      94
3  TSM240209C00130000   130.0        3.10  3.30  3.40     844
4  TSM240209C00131000   131.0        2.35  2.29  2.50    1450
5  TSM240209C00133000   133.0        0.46  0.43  0.48   10181
6  TSM240209C00135000   135.0        0.01  0.01  0.02    9123
TSM============== Filtered PUTS for $132.88===================
        Contract Name  Strike  Last Price  Bid   Ask Volume
0  TSM240209P00124000   124.0        0.01  0.0  0.01    121
1  TSM240209P00125000   125.0        0.01  0.0  0.01    354
2  TSM240209P00127000   127.0        0.02  0.0  0.01    205
3  TSM240209P00129000   129.0        0.01  0.0  0.01    762
4  TSM240209P00131000   131.0        0.01  0.0  0.01   3332
BABA============== Filtered CALLS for $71.71==================
         Contract Name  Strike  Last Price   Bid   Ask  Volume
0  BABA240209C00067000    67.0        4.20  4.60  4.75      32
1  BABA240209C00068000    68.0        3.55  3.60  3.75      83
2  BABA240209C00069000    69.0        2.75  2.62  2.73     216
3  BABA240209C00070000    70.0        1.66  1.68  1.75    4497
4  BABA240209C00071000    71.0        0.73  0.64  0.74   17728
5  BABA240209C00072000    72.0        0.01  0.02  0.03   18863
6  BABA240209C00073000    73.0        0.01  0.00  0.01    4997
7  BABA240209C00074000    74.0        0.01  0.01  0.01    2172
8  BABA240209C00075000    75.0        0.01  0.00  0.01    1298
9  BABA240209C00076000    76.0        0.01  0.00  0.01     388
BABA============== Filtered PUTS for $71.71===================
         Contract Name  Strike  Last Price   Bid   Ask  Volume
0  BABA240209P00067000    67.0        0.01  0.00  0.01     543
1  BABA240209P00068000    68.0        0.01  0.00  0.01    1085
2  BABA240209P00069000    69.0        0.01  0.00  0.01    1528
3  BABA240209P00070000    70.0        0.01  0.01  0.02    8763
4  BABA240209P00071000    71.0        0.01  0.02  0.03    3787
5  BABA240209P00072000    72.0        0.33  0.31  0.38    1582
6  BABA240209P00073000    73.0        1.30  1.29  1.34     900
7  BABA240209P00074000    74.0        2.33  2.28  2.37     638
8  BABA240209P00075000    75.0        3.32  3.25  3.35     575
9  BABA240209P00076000    76.0        4.28  4.25  4.40     419
VALE============== Filtered CALLS for $13.26==================
         Contract Name  Strike  Last Price   Bid   Ask Volume
0  VALE240209C00010000    10.0        3.10  3.20  3.30      6
1  VALE240209C00011000    11.0        3.85  2.20  2.36      0
2  VALE240209C00012000    12.0        2.12  1.17  1.32      2
3  VALE240209C00012500    12.5        0.94  0.70  0.94      1
4  VALE240209C00013000    13.0        0.23  0.20  0.29     71
5  VALE240209C00013500    13.5        0.01  0.00  0.01     54
6  VALE240209C00014000    14.0        0.01  0.00  0.01     10
7  VALE240209C00014500    14.5        0.01  0.00  0.01      6
8  VALE240209C00015000    15.0        0.01  0.00  0.01      2
9  VALE240209C00015500    15.5        0.01  0.00  0.01      4
VALE============== Filtered PUTS for $13.26===================
         Contract Name  Strike  Last Price   Bid   Ask Volume
0  VALE240209P00011500    11.5        0.01  0.00  0.75      0
1  VALE240209P00012000    12.0        0.01  0.00  0.75    150
2  VALE240209P00012500    12.5        0.01  0.00  0.04      1
3  VALE240209P00013000    13.0        0.01  0.00  0.01      9
4  VALE240209P00013500    13.5        0.24  0.21  0.32    174
5  VALE240209P00014000    14.0        0.74  0.70  0.78    183
6  VALE240209P00014500    14.5        1.28  1.20  1.36     63
7  VALE240209P00015000    15.0        1.58  1.66  1.85      2
8  VALE240209P00015500    15.5        2.11  2.16  2.37      1
MRVL============== Filtered CALLS for $68.94==================
         Contract Name  Strike  Last Price   Bid   Ask Volume
0  MRVL240209C00064000    64.0        5.10  4.80  5.25     40
1  MRVL240209C00065000    65.0        4.40  3.95  4.25     38
2  MRVL240209C00066000    66.0        3.10  2.93  3.25    122
3  MRVL240209C00067000    67.0        2.10  1.65  2.31    646
4  MRVL240209C00068000    68.0        0.86  0.94  1.14   1591
5  MRVL240209C00069000    69.0        0.18  0.19  0.20   7409
6  MRVL240209C00070000    70.0        0.02  0.02  0.03  12053
7  MRVL240209C00071000    71.0        0.02  0.01  0.02    489
8  MRVL240209C00072000    72.0        0.01  0.00  0.01    496
9  MRVL240209C00073000    73.0        0.01  0.00  0.01     97
MRVL============== Filtered PUTS for $68.94===================
         Contract Name  Strike  Last Price   Bid   Ask Volume
0  MRVL240209P00064000    64.0        0.04  0.00  0.04      7
1  MRVL240209P00065000    65.0        0.02  0.00  0.16    117
2  MRVL240209P00066000    66.0        0.01  0.00  0.01    975
3  MRVL240209P00067000    67.0        0.01  0.00  0.01   1052
4  MRVL240209P00068000    68.0        0.01  0.00  0.01    780
5  MRVL240209P00069000    69.0        0.27  0.17  0.17    991
6  MRVL240209P00070000    70.0        0.98  0.59  1.23    233
7  MRVL240209P00071000    71.0        2.01  1.85  2.12    108
8  MRVL240209P00072000    72.0        2.95  2.66  3.10     47
9  MRVL240209P00073000    73.0        4.35  3.55  4.20     16
NVO============== Filtered CALLS for $121.19==================
        Contract Name  Strike  Last Price   Bid   Ask Volume
0  NVO240209C00117000   117.0        4.22  4.05  4.90     75
1  NVO240209C00118000   118.0        3.15  2.88  3.35    203
2  NVO240209C00119000   119.0        2.25  2.07  2.48    374
3  NVO240209C00120000   120.0        1.16  1.15  1.28    800
4  NVO240209C00121000   121.0        0.26  0.17  0.27    528
5  NVO240209C00122000   122.0        0.01  0.00  0.01    626
6  NVO240209C00123000   123.0        0.01  0.00  0.01     12
7  NVO240209C00124000   124.0        0.01  0.00  0.13      1
8  NVO240209C00125000   125.0        0.03  0.00  0.01     11
9  NVO240209C00126000   126.0        0.01  0.00  0.16     11
NVO============== Filtered PUTS for $121.19===================
        Contract Name  Strike  Last Price  Bid   Ask Volume
0  NVO240209P00115000   115.0        0.06  0.0  0.77      9
1  NVO240209P00116000   116.0        0.14  0.0  0.01     19
2  NVO240209P00117000   117.0        0.01  0.0  0.14     17
3  NVO240209P00118000   118.0        0.02  0.0  0.03     78
4  NVO240209P00120000   120.0        0.21  0.0  0.15    158
BEKE============== Filtered CALLS for $13.37==================
         Contract Name  Strike  Last Price   Bid   Ask Volume
0  BEKE240209C00012500    12.5        0.89  0.82  0.91     10
1  BEKE240209C00013000    13.0        0.39  0.30  0.40      6
2  BEKE240209C00013500    13.5        0.39  0.00  0.03      8
3  BEKE240209C00014000    14.0        0.02  0.00  0.03      2
4  BEKE240209C00014500    14.5        0.02  0.00  0.12    100
5  BEKE240209C00015000    15.0        0.01  0.00  0.15     18
6  BEKE240209C00015500    15.5        0.02  0.00  0.15    100
BEKE============== Filtered PUTS for $13.37===================
         Contract Name  Strike  Last Price   Bid   Ask  Volume
0  BEKE240209P00012000    12.0        0.03  0.00  0.16      10
1  BEKE240209P00012500    12.5        0.01  0.00  0.02      12
2  BEKE240209P00013000    13.0        0.03  0.00  0.03      20
3  BEKE240209P00013500    13.5        0.16  0.15  0.18     100
4  BEKE240209P00014000    14.0        0.62  0.60  0.71      11
5  BEKE240209P00014500    14.5        1.20  1.11  1.19      32
6  BEKE240209P00015000    15.0        1.78  1.59  1.69      10
7  BEKE240209P00016000    16.0        1.05  2.02  2.36       1
APO============== Filtered CALLS for $109.93==================
        Contract Name  Strike  Last Price   Bid   Ask  Volume
0  APO240209C00105000   105.0        3.38  4.40  5.30      21
1  APO240209C00106000   106.0        2.55  3.50  4.30      54
2  APO240209C00107000   107.0        2.65  2.50  3.10      31
3  APO240209C00108000   108.0        1.61  1.55  1.90       4
4  APO240209C00109000   109.0        0.82  0.60  0.85       3
5  APO240209C00110000   110.0        0.08  0.00  0.15       6
6  APO240209C00112000   112.0        0.05  0.00  0.85       4
7  APO240209C00113000   113.0        0.05  0.00  0.05      12
8  APO240209C00115000   115.0        0.05  0.00  0.05      10
9  APO240209C00120000   120.0        0.65  0.00  0.35       2
APO============== Filtered PUTS for $109.93===================
        Contract Name  Strike  Last Price  Bid   Ask Volume
0  APO240209P00100000   100.0        0.04  0.0  0.75     61
1  APO240209P00101000   101.0        0.07  0.0  0.25     30
2  APO240209P00102000   102.0        0.17  0.0  0.05     10
3  APO240209P00103000   103.0        0.05  0.0  0.05      2
4  APO240209P00104000   104.0        0.10  0.0  0.10     14
DASH============== Filtered CALLS for $119.30==================
         Contract Name  Strike  Last Price   Bid   Ask  Volume
0  DASH240209C00115000   115.0        4.27  4.00  4.40     171
1  DASH240209C00116000   116.0        3.13  3.10  3.45     102
2  DASH240209C00117000   117.0        2.35  1.91  2.45      26
3  DASH240209C00118000   118.0        1.14  0.74  1.36      81
4  DASH240209C00119000   119.0        0.30  0.32  0.38     123
5  DASH240209C00120000   120.0        0.02  0.02  0.05     135
6  DASH240209C00121000   121.0        0.02  0.00  0.04      17
7  DASH240209C00125000   125.0        0.05  0.00  0.10      73
DASH============== Filtered PUTS for $119.30===================
         Contract Name  Strike  Last Price   Bid   Ask Volume
0  DASH240209P00109000   109.0        0.01  0.00  0.50      1
1  DASH240209P00110000   110.0        0.01  0.00  0.01      8
2  DASH240209P00111000   111.0        0.01  0.00  0.11     30
3  DASH240209P00112000   112.0        0.04  0.00  0.12     14
4  DASH240209P00115000   115.0        0.03  0.01  0.02     13
5  DASH240209P00120000   120.0        1.13  0.76  1.49     61
PDD============== Filtered CALLS for $127.66==================
        Contract Name  Strike  Last Price   Bid   Ask Volume
0  PDD240209C00123000   123.0        3.10  4.45  4.75      1
1  PDD240209C00124000   124.0        3.65  3.40  3.85      3
2  PDD240209C00125000   125.0        2.62  2.47  2.77    178
3  PDD240209C00126000   126.0        1.52  1.50  1.87    295
4  PDD240209C00127000   127.0        0.60  0.38  0.73    637
5  PDD240209C00128000   128.0        0.04  0.05  0.09    584
6  PDD240209C00129000   129.0        0.02  0.00  0.04    109
7  PDD240209C00130000   130.0        0.02  0.00  0.01    137
8  PDD240209C00131000   131.0        0.01  0.00  0.01     61
9  PDD240209C00132000   132.0        0.02  0.00  0.03    104
PDD============== Filtered PUTS for $127.66===================
        Contract Name  Strike  Last Price   Bid   Ask Volume
0  PDD240209P00123000   123.0        0.01  0.00  0.08    178
1  PDD240209P00124000   124.0        0.03  0.00  0.05     78
2  PDD240209P00125000   125.0        0.01  0.00  0.01    641
3  PDD240209P00126000   126.0        0.01  0.00  0.01    381
4  PDD240209P00127000   127.0        0.02  0.01  0.05    256
5  PDD240209P00128000   128.0        0.55  0.33  0.51    120
6  PDD240209P00129000   129.0        1.53  1.19  1.57     15
7  PDD240209P00130000   130.0        2.90  2.15  2.56    132
8  PDD240209P00131000   131.0        5.00  3.20  3.85      2
9  PDD240209P00132000   132.0        4.35  4.15  4.45     17
CCJ============== Filtered CALLS for $44.11==================
        Contract Name  Strike  Last Price   Bid   Ask  Volume
0  CCJ240209C00042000    42.0        2.37  2.08  2.18       9
1  CCJ240209C00042500    42.5        1.14  1.58  1.70       2
2  CCJ240209C00043000    43.0        1.16  1.01  1.19      56
3  CCJ240209C00043500    43.5        0.80  0.49  0.70     162
4  CCJ240209C00044000    44.0        0.26  0.26  0.30     657
5  CCJ240209C00044500    44.5        0.07  0.05  0.09     529
6  CCJ240209C00045000    45.0        0.04  0.02  0.04     950
7  CCJ240209C00045500    45.5        0.02  0.01  0.03     612
8  CCJ240209C00046000    46.0        0.01  0.01  0.03     366
9  CCJ240209C00046500    46.5        0.01  0.00  0.03      15
CCJ============== Filtered PUTS for $44.11===================
        Contract Name  Strike  Last Price   Bid   Ask Volume
0  CCJ240209P00042000    42.0        0.01  0.01  0.02   3087
1  CCJ240209P00042500    42.5        0.01  0.01  0.04    278
2  CCJ240209P00043000    43.0        0.06  0.02  0.05    101
3  CCJ240209P00043500    43.5        0.07  0.04  0.07     68
4  CCJ240209P00044000    44.0        0.15  0.14  0.16    953
5  CCJ240209P00044500    44.5        0.42  0.42  0.48    164
6  CCJ240209P00045000    45.0        0.91  0.87  0.96    335
7  CCJ240209P00045500    45.5        1.39  1.36  1.52    173
8  CCJ240209P00046000    46.0        1.78  1.85  2.02    338
9  CCJ240209P00046500    46.5        2.10  2.31  2.53     58
DOCU============== Filtered CALLS for $51.32==================
         Contract Name  Strike  Last Price    Bid    Ask Volume
0  DOCU240209C00035000    35.0       30.00  16.00  16.75      0
1  DOCU240209C00045000    45.0        8.72   5.90   6.60     32
2  DOCU240209C00046000    46.0       14.09   4.95   5.45      1
3  DOCU240209C00050000    50.0        1.35   1.24   1.56     26
4  DOCU240209C00051000    51.0        0.29   0.37   0.73     89
5  DOCU240209C00052000    52.0        0.01   0.01   0.03    530
6  DOCU240209C00053000    53.0        0.01   0.00   0.02    121
7  DOCU240209C00054000    54.0        0.02   0.00   0.01     73
8  DOCU240209C00055000    55.0        0.02   0.00   0.05     19
9  DOCU240209C00056000    56.0        0.18   0.00   0.02     38
DOCU============== Filtered PUTS for $51.32===================
         Contract Name  Strike  Last Price   Bid   Ask Volume
0  DOCU240209P00047000    47.0        0.01  0.00  0.18      4
1  DOCU240209P00048000    48.0        0.02  0.00  0.10     13
2  DOCU240209P00049000    49.0        0.02  0.01  0.03      3
3  DOCU240209P00050000    50.0        0.01  0.00  0.01     37
4  DOCU240209P00051000    51.0        0.05  0.01  0.04    380
5  DOCU240209P00052000    52.0        0.75  0.46  0.77     34
6  DOCU240209P00053000    53.0        1.75  1.41  1.91     92
7  DOCU240209P00054000    54.0        2.75  2.28  2.88     25
8  DOCU240209P00055000    55.0        3.50  3.55  3.90      6
9  DOCU240209P00056000    56.0        4.83  4.20  4.85     46
DELL============== Filtered CALLS for $86.25==================
         Contract Name  Strike  Last Price   Bid   Ask  Volume
0  DELL240209C00082000    82.0        2.63  4.30  4.50      39
1  DELL240209C00083000    83.0        3.16  3.20  3.50      13
2  DELL240209C00084000    84.0        2.35  2.25  2.45     106
3  DELL240209C00085000    85.0        1.40  1.20  1.45     330
4  DELL240209C00086000    86.0        0.56  0.30  0.45     186
5  DELL240209C00087000    87.0        0.05  0.00  0.05     605
6  DELL240209C00088000    88.0        0.05  0.00  0.05       3
7  DELL240209C00089000    89.0        0.06  0.00  0.75       6
8  DELL240209C00090000    90.0        0.05  0.00  0.05      11
9  DELL240209C00091000    91.0        0.08  0.00  0.75       2
DELL============== Filtered PUTS for $86.25===================
         Contract Name  Strike  Last Price   Bid   Ask  Volume
0  DELL240209P00082000    82.0        0.05  0.00  0.10      51
1  DELL240209P00083000    83.0        0.05  0.00  0.10       4
2  DELL240209P00084000    84.0        0.08  0.00  0.10      54
3  DELL240209P00085000    85.0        0.03  0.00  0.05     101
4  DELL240209P00086000    86.0        0.08  0.00  0.10     255
5  DELL240209P00087000    87.0        1.05  0.60  0.85      80
6  DELL240209P00088000    88.0        2.15  1.60  1.75      74
7  DELL240209P00089000    89.0        4.28  2.55  2.70       1
8  DELL240209P00090000    90.0        6.50  3.60  3.80       3
LI============== Filtered CALLS for $30.68==================
       Contract Name  Strike  Last Price   Bid   Ask Volume
0  LI240209C00028500    28.5        2.35  1.95  2.49     20
1  LI240209C00029000    29.0        1.70  1.45  1.73     26
2  LI240209C00029500    29.5        1.33  1.11  1.44     30
3  LI240209C00030000    30.0        0.70  0.63  0.73     32
4  LI240209C00030500    30.5        0.20  0.18  0.24    513
5  LI240209C00031000    31.0        0.01  0.01  0.03    609
6  LI240209C00031500    31.5        0.01  0.00  0.01    166
7  LI240209C00032000    32.0        0.01  0.00  0.01     16
8  LI240209C00032500    32.5        0.01  0.00  0.01     20
9  LI240209C00033000    33.0        0.07  0.00  0.02      2
LI============== Filtered PUTS for $30.68===================
       Contract Name  Strike  Last Price   Bid   Ask Volume
0  LI240209P00028500    28.5        0.03  0.00  0.07     21
1  LI240209P00029000    29.0        0.05  0.00  0.01      5
2  LI240209P00029500    29.5        0.01  0.00  0.75     58
3  LI240209P00030000    30.0        0.01  0.00  0.02     89
4  LI240209P00030500    30.5        0.05  0.01  0.04     96
5  LI240209P00031000    31.0        0.34  0.27  0.34     75
6  LI240209P00031500    31.5        0.80  0.78  0.90      1
7  LI240209P00032000    32.0        2.05  1.20  1.47      4
8  LI240209P00032500    32.5        2.01  1.58  1.97      1
9  LI240209P00033000    33.0        2.19  2.25  2.42      2
JD============== Filtered CALLS for $22.28==================
       Contract Name  Strike  Last Price   Bid   Ask Volume
0  JD240209C00020000    20.0        2.28  2.23  2.29     11
1  JD240209C00020500    20.5        1.46  1.73  1.78     91
2  JD240209C00021000    21.0        1.28  1.23  1.29    165
3  JD240209C00021500    21.5        0.75  0.74  0.77    236
4  JD240209C00022000    22.0        0.26  0.24  0.29   5096
5  JD240209C00022500    22.5        0.01  0.01  0.02   1783
6  JD240209C00023000    23.0        0.01  0.00  0.01    412
7  JD240209C00023500    23.5        0.01  0.00  0.01    188
8  JD240209C00024000    24.0        0.01  0.00  0.01    150
9  JD240209C00024500    24.5        0.01  0.00  0.01     42
JD============== Filtered PUTS for $22.28===================
       Contract Name  Strike  Last Price   Bid   Ask Volume
0  JD240209P00020000    20.0        0.01  0.00  0.01      3
1  JD240209P00020500    20.5        0.02  0.00  0.03     41
2  JD240209P00021000    21.0        0.02  0.00  0.03     18
3  JD240209P00021500    21.5        0.01  0.00  0.02     76
4  JD240209P00022000    22.0        0.01  0.00  0.01   2289
5  JD240209P00022500    22.5        0.26  0.24  0.27    132
6  JD240209P00023000    23.0        0.74  0.71  0.77    376
7  JD240209P00023500    23.5        1.22  1.21  1.27     24
8  JD240209P00024000    24.0        1.59  1.69  1.82    124
9  JD240209P00024500    24.5        2.12  2.20  2.27      5
