BUD============== Filtered CALLS for $62.72==================
        Contract Name  Strike  Last Price   Bid   Ask Volume
0  BUD240216C00059000    59.0        4.50  1.80  5.70      1
1  BUD240216C00060000    60.0        3.90  2.30  2.95      3
2  BUD240216C00061000    61.0        1.00  1.70  1.80      3
3  BUD240216C00062000    62.0        0.35  0.80  0.90     18
4  BUD240216C00062500    62.5        0.51  0.40  0.50      6
5  BUD240216C00063000    63.0        0.28  0.20  0.25      7
6  BUD240216C00064000    64.0        0.10  0.05  0.10     55
7  BUD240216C00065000    65.0        0.04  0.00  0.05     54
8  BUD240216C00066000    66.0        0.10  0.00  0.05     25
9  BUD240216C00067000    67.0        0.05  0.00  0.05      1
BUD============== Filtered PUTS for $62.72===================
        Contract Name  Strike  Last Price   Bid   Ask Volume
0  BUD240216P00059000    59.0        0.05  0.00  0.05      1
1  BUD240216P00060000    60.0        0.05  0.00  0.05      4
2  BUD240216P00061000    61.0        0.10  0.00  0.05     10
3  BUD240216P00062000    62.0        0.50  0.05  0.15    278
4  BUD240216P00062500    62.5        0.50  0.20  0.25      2
5  BUD240216P00063000    63.0        0.65  0.45  0.55      1
6  BUD240216P00064000    64.0        1.97  1.30  1.40      2
7  BUD240216P00065000    65.0        3.10  2.20  2.35      1
8  BUD240216P00066000    66.0        1.57  2.90  3.40      2
9  BUD240216P00067000    67.0        1.80  2.95  5.20      0
